{"level":"info","message":"POST /api/brands 400 110.093 ms - 138","timestamp":"2025-03-16 19:25:43"}
{"date":"Sun Mar 16 2025 19:25:43 GMT+0600 (Bangladesh Standard Time)","error":{"code":"ERR_HTTP_HEADERS_SENT"},"level":"error","message":"unhandledRejection: Cannot set headers after they are sent to the client\nError [ERR_HTTP_HEADERS_SENT]: Cannot set headers after they are sent to the client\n    at ServerResponse.setHeader (node:_http_outgoing:699:11)\n    at ServerResponse.header (C:\\Users\\Mahbubur Rahman\\Desktop\\e-commerce\\backend\\server\\node_modules\\express\\lib\\response.js:794:10)\n    at ServerResponse.send (C:\\Users\\Mahbubur Rahman\\Desktop\\e-commerce\\backend\\server\\node_modules\\express\\lib\\response.js:174:12)\n    at ServerResponse.json (C:\\Users\\Mahbubur Rahman\\Desktop\\e-commerce\\backend\\server\\node_modules\\express\\lib\\response.js:278:15)\n    at errorResponse (C:\\Users\\Mahbubur Rahman\\Desktop\\e-commerce\\backend\\server\\src\\helpers\\responseHandler.js:5:28)\n    at createBrand (C:\\Users\\Mahbubur Rahman\\Desktop\\e-commerce\\backend\\server\\src\\controllers\\brandController.js:60:16)\n    at process.processTicksAndRejections (node:internal/process/task_queues:105:5)","os":{"loadavg":[0,0,0],"uptime":295316.484},"process":{"argv":["C:\\Program Files\\nodejs\\node.exe","C:\\Users\\Mahbubur Rahman\\Desktop\\e-commerce\\backend\\server\\src\\server.js"],"cwd":"C:\\Users\\Mahbubur Rahman\\Desktop\\e-commerce\\backend\\server","execPath":"C:\\Program Files\\nodejs\\node.exe","gid":null,"memoryUsage":{"arrayBuffers":18284011,"external":20733412,"heapTotal":67932160,"heapUsed":35208016,"rss":100728832},"pid":12284,"uid":null,"version":"v23.7.0"},"rejection":true,"stack":"Error [ERR_HTTP_HEADERS_SENT]: Cannot set headers after they are sent to the client\n    at ServerResponse.setHeader (node:_http_outgoing:699:11)\n    at ServerResponse.header (C:\\Users\\Mahbubur Rahman\\Desktop\\e-commerce\\backend\\server\\node_modules\\express\\lib\\response.js:794:10)\n    at ServerResponse.send (C:\\Users\\Mahbubur Rahman\\Desktop\\e-commerce\\backend\\server\\node_modules\\express\\lib\\response.js:174:12)\n    at ServerResponse.json (C:\\Users\\Mahbubur Rahman\\Desktop\\e-commerce\\backend\\server\\node_modules\\express\\lib\\response.js:278:15)\n    at errorResponse (C:\\Users\\Mahbubur Rahman\\Desktop\\e-commerce\\backend\\server\\src\\helpers\\responseHandler.js:5:28)\n    at createBrand (C:\\Users\\Mahbubur Rahman\\Desktop\\e-commerce\\backend\\server\\src\\controllers\\brandController.js:60:16)\n    at process.processTicksAndRejections (node:internal/process/task_queues:105:5)","timestamp":"2025-03-16 19:25:43","trace":[{"column":11,"file":"node:_http_outgoing","function":"ServerResponse.setHeader","line":699,"method":"setHeader","native":false},{"column":10,"file":"C:\\Users\\Mahbubur Rahman\\Desktop\\e-commerce\\backend\\server\\node_modules\\express\\lib\\response.js","function":"ServerResponse.header","line":794,"method":"header","native":false},{"column":12,"file":"C:\\Users\\Mahbubur Rahman\\Desktop\\e-commerce\\backend\\server\\node_modules\\express\\lib\\response.js","function":"ServerResponse.send","line":174,"method":"send","native":false},{"column":15,"file":"C:\\Users\\Mahbubur Rahman\\Desktop\\e-commerce\\backend\\server\\node_modules\\express\\lib\\response.js","function":"ServerResponse.json","line":278,"method":"json","native":false},{"column":28,"file":"C:\\Users\\Mahbubur Rahman\\Desktop\\e-commerce\\backend\\server\\src\\helpers\\responseHandler.js","function":"errorResponse","line":5,"method":null,"native":false},{"column":16,"file":"C:\\Users\\Mahbubur Rahman\\Desktop\\e-commerce\\backend\\server\\src\\controllers\\brandController.js","function":"createBrand","line":60,"method":null,"native":false},{"column":5,"file":"node:internal/process/task_queues","function":"process.processTicksAndRejections","line":105,"method":"processTicksAndRejections","native":false}]}
{"level":"info","message":"POST /api/brands 400 27.570 ms - 50","timestamp":"2025-03-16 19:26:18"}
{"date":"Sun Mar 16 2025 19:26:18 GMT+0600 (Bangladesh Standard Time)","error":{"code":"ERR_HTTP_HEADERS_SENT"},"level":"error","message":"unhandledRejection: Cannot set headers after they are sent to the client\nError [ERR_HTTP_HEADERS_SENT]: Cannot set headers after they are sent to the client\n    at ServerResponse.setHeader (node:_http_outgoing:699:11)\n    at ServerResponse.header (C:\\Users\\Mahbubur Rahman\\Desktop\\e-commerce\\backend\\server\\node_modules\\express\\lib\\response.js:794:10)\n    at ServerResponse.send (C:\\Users\\Mahbubur Rahman\\Desktop\\e-commerce\\backend\\server\\node_modules\\express\\lib\\response.js:174:12)\n    at ServerResponse.json (C:\\Users\\Mahbubur Rahman\\Desktop\\e-commerce\\backend\\server\\node_modules\\express\\lib\\response.js:278:15)\n    at errorResponse (C:\\Users\\Mahbubur Rahman\\Desktop\\e-commerce\\backend\\server\\src\\helpers\\responseHandler.js:5:28)\n    at createBrand (C:\\Users\\Mahbubur Rahman\\Desktop\\e-commerce\\backend\\server\\src\\controllers\\brandController.js:60:16)\n    at process.processTicksAndRejections (node:internal/process/task_queues:105:5)","os":{"loadavg":[0,0,0],"uptime":295351.765},"process":{"argv":["C:\\Program Files\\nodejs\\node.exe","C:\\Users\\Mahbubur Rahman\\Desktop\\e-commerce\\backend\\server\\src\\server.js"],"cwd":"C:\\Users\\Mahbubur Rahman\\Desktop\\e-commerce\\backend\\server","execPath":"C:\\Program Files\\nodejs\\node.exe","gid":null,"memoryUsage":{"arrayBuffers":18274512,"external":20723913,"heapTotal":68456448,"heapUsed":35014048,"rss":100675584},"pid":17832,"uid":null,"version":"v23.7.0"},"rejection":true,"stack":"Error [ERR_HTTP_HEADERS_SENT]: Cannot set headers after they are sent to the client\n    at ServerResponse.setHeader (node:_http_outgoing:699:11)\n    at ServerResponse.header (C:\\Users\\Mahbubur Rahman\\Desktop\\e-commerce\\backend\\server\\node_modules\\express\\lib\\response.js:794:10)\n    at ServerResponse.send (C:\\Users\\Mahbubur Rahman\\Desktop\\e-commerce\\backend\\server\\node_modules\\express\\lib\\response.js:174:12)\n    at ServerResponse.json (C:\\Users\\Mahbubur Rahman\\Desktop\\e-commerce\\backend\\server\\node_modules\\express\\lib\\response.js:278:15)\n    at errorResponse (C:\\Users\\Mahbubur Rahman\\Desktop\\e-commerce\\backend\\server\\src\\helpers\\responseHandler.js:5:28)\n    at createBrand (C:\\Users\\Mahbubur Rahman\\Desktop\\e-commerce\\backend\\server\\src\\controllers\\brandController.js:60:16)\n    at process.processTicksAndRejections (node:internal/process/task_queues:105:5)","timestamp":"2025-03-16 19:26:18","trace":[{"column":11,"file":"node:_http_outgoing","function":"ServerResponse.setHeader","line":699,"method":"setHeader","native":false},{"column":10,"file":"C:\\Users\\Mahbubur Rahman\\Desktop\\e-commerce\\backend\\server\\node_modules\\express\\lib\\response.js","function":"ServerResponse.header","line":794,"method":"header","native":false},{"column":12,"file":"C:\\Users\\Mahbubur Rahman\\Desktop\\e-commerce\\backend\\server\\node_modules\\express\\lib\\response.js","function":"ServerResponse.send","line":174,"method":"send","native":false},{"column":15,"file":"C:\\Users\\Mahbubur Rahman\\Desktop\\e-commerce\\backend\\server\\node_modules\\express\\lib\\response.js","function":"ServerResponse.json","line":278,"method":"json","native":false},{"column":28,"file":"C:\\Users\\Mahbubur Rahman\\Desktop\\e-commerce\\backend\\server\\src\\helpers\\responseHandler.js","function":"errorResponse","line":5,"method":null,"native":false},{"column":16,"file":"C:\\Users\\Mahbubur Rahman\\Desktop\\e-commerce\\backend\\server\\src\\controllers\\brandController.js","function":"createBrand","line":60,"method":null,"native":false},{"column":5,"file":"node:internal/process/task_queues","function":"process.processTicksAndRejections","line":105,"method":"processTicksAndRejections","native":false}]}
{"level":"info","message":"POST /api/brands 403 26.664 ms - 50","timestamp":"2025-03-16 19:27:18"}
{"date":"Sun Mar 16 2025 19:27:18 GMT+0600 (Bangladesh Standard Time)","error":{"code":"ERR_HTTP_HEADERS_SENT"},"level":"error","message":"unhandledRejection: Cannot set headers after they are sent to the client\nError [ERR_HTTP_HEADERS_SENT]: Cannot set headers after they are sent to the client\n    at ServerResponse.setHeader (node:_http_outgoing:699:11)\n    at ServerResponse.header (C:\\Users\\Mahbubur Rahman\\Desktop\\e-commerce\\backend\\server\\node_modules\\express\\lib\\response.js:794:10)\n    at ServerResponse.send (C:\\Users\\Mahbubur Rahman\\Desktop\\e-commerce\\backend\\server\\node_modules\\express\\lib\\response.js:174:12)\n    at ServerResponse.json (C:\\Users\\Mahbubur Rahman\\Desktop\\e-commerce\\backend\\server\\node_modules\\express\\lib\\response.js:278:15)\n    at errorResponse (C:\\Users\\Mahbubur Rahman\\Desktop\\e-commerce\\backend\\server\\src\\helpers\\responseHandler.js:5:28)\n    at createBrand (C:\\Users\\Mahbubur Rahman\\Desktop\\e-commerce\\backend\\server\\src\\controllers\\brandController.js:60:16)\n    at process.processTicksAndRejections (node:internal/process/task_queues:105:5)","os":{"loadavg":[0,0,0],"uptime":295411.984},"process":{"argv":["C:\\Program Files\\nodejs\\node.exe","C:\\Users\\Mahbubur Rahman\\Desktop\\e-commerce\\backend\\server\\src\\server.js"],"cwd":"C:\\Users\\Mahbubur Rahman\\Desktop\\e-commerce\\backend\\server","execPath":"C:\\Program Files\\nodejs\\node.exe","gid":null,"memoryUsage":{"arrayBuffers":18274512,"external":20723913,"heapTotal":68456448,"heapUsed":35033504,"rss":100761600},"pid":7348,"uid":null,"version":"v23.7.0"},"rejection":true,"stack":"Error [ERR_HTTP_HEADERS_SENT]: Cannot set headers after they are sent to the client\n    at ServerResponse.setHeader (node:_http_outgoing:699:11)\n    at ServerResponse.header (C:\\Users\\Mahbubur Rahman\\Desktop\\e-commerce\\backend\\server\\node_modules\\express\\lib\\response.js:794:10)\n    at ServerResponse.send (C:\\Users\\Mahbubur Rahman\\Desktop\\e-commerce\\backend\\server\\node_modules\\express\\lib\\response.js:174:12)\n    at ServerResponse.json (C:\\Users\\Mahbubur Rahman\\Desktop\\e-commerce\\backend\\server\\node_modules\\express\\lib\\response.js:278:15)\n    at errorResponse (C:\\Users\\Mahbubur Rahman\\Desktop\\e-commerce\\backend\\server\\src\\helpers\\responseHandler.js:5:28)\n    at createBrand (C:\\Users\\Mahbubur Rahman\\Desktop\\e-commerce\\backend\\server\\src\\controllers\\brandController.js:60:16)\n    at process.processTicksAndRejections (node:internal/process/task_queues:105:5)","timestamp":"2025-03-16 19:27:18","trace":[{"column":11,"file":"node:_http_outgoing","function":"ServerResponse.setHeader","line":699,"method":"setHeader","native":false},{"column":10,"file":"C:\\Users\\Mahbubur Rahman\\Desktop\\e-commerce\\backend\\server\\node_modules\\express\\lib\\response.js","function":"ServerResponse.header","line":794,"method":"header","native":false},{"column":12,"file":"C:\\Users\\Mahbubur Rahman\\Desktop\\e-commerce\\backend\\server\\node_modules\\express\\lib\\response.js","function":"ServerResponse.send","line":174,"method":"send","native":false},{"column":15,"file":"C:\\Users\\Mahbubur Rahman\\Desktop\\e-commerce\\backend\\server\\node_modules\\express\\lib\\response.js","function":"ServerResponse.json","line":278,"method":"json","native":false},{"column":28,"file":"C:\\Users\\Mahbubur Rahman\\Desktop\\e-commerce\\backend\\server\\src\\helpers\\responseHandler.js","function":"errorResponse","line":5,"method":null,"native":false},{"column":16,"file":"C:\\Users\\Mahbubur Rahman\\Desktop\\e-commerce\\backend\\server\\src\\controllers\\brandController.js","function":"createBrand","line":60,"method":null,"native":false},{"column":5,"file":"node:internal/process/task_queues","function":"process.processTicksAndRejections","line":105,"method":"processTicksAndRejections","native":false}]}
{"level":"info","message":"POST /api/brands 400 26.148 ms - 62","timestamp":"2025-03-16 19:29:10"}
{"level":"info","message":"POST /api/brands 201 51.900 ms - 325","timestamp":"2025-03-16 19:30:07"}
{"level":"info","message":"POST /api/faq 404 15.971 ms - 43","timestamp":"2025-03-20 12:02:14"}
{"level":"info","message":"POST /api/faqs 500 10039.843 ms - 92","timestamp":"2025-03-20 12:02:35"}
{"level":"info","message":"POST /api/faqs 500 10042.081 ms - 92","timestamp":"2025-03-20 12:03:29"}
{"level":"info","message":"POST /api/faqs 201 51.564 ms - 362","timestamp":"2025-03-20 12:12:25"}
{"level":"info","message":"POST /api/faqs 201 9.654 ms - 362","timestamp":"2025-03-20 12:12:33"}
{"level":"info","message":"POST /api/faqs 201 17.772 ms - 362","timestamp":"2025-03-20 12:12:36"}
{"level":"info","message":"OPTIONS /api/auth/login 204 23.802 ms - -","timestamp":"2025-03-20 13:44:40"}
{"level":"info","message":"POST /api/auth/login 400 268.986 ms - 72","timestamp":"2025-03-20 13:44:40"}
{"level":"info","message":"OPTIONS /api/users 204 0.721 ms - -","timestamp":"2025-03-20 13:45:05"}
{"level":"info","message":"POST /api/users 200 4260.966 ms - 115","timestamp":"2025-03-20 13:45:09"}
{"level":"info","message":"OPTIONS /api/users/verify 204 0.700 ms - -","timestamp":"2025-03-20 13:45:55"}
{"level":"info","message":"POST /api/users/verify 500 52.300 ms - 83","timestamp":"2025-03-20 13:45:55"}
{"level":"info","message":"OPTIONS /api/users/verify 204 0.840 ms - -","timestamp":"2025-03-20 13:46:28"}
{"level":"info","message":"POST /api/users/verify 500 17.827 ms - 83","timestamp":"2025-03-20 13:46:28"}
{"level":"info","message":"OPTIONS /api/users/verify 204 74.442 ms - -","timestamp":"2025-03-20 15:08:33"}
{"level":"info","message":"POST /api/users/verify 400 58.250 ms - 43","timestamp":"2025-03-20 15:08:33"}
{"level":"info","message":"OPTIONS /api/users 204 0.777 ms - -","timestamp":"2025-03-20 15:08:52"}
{"level":"info","message":"POST /api/users 409 94.147 ms - 99","timestamp":"2025-03-20 15:08:52"}
{"level":"info","message":"OPTIONS /api/users/verify 204 0.604 ms - -","timestamp":"2025-03-20 15:09:28"}
{"level":"info","message":"POST /api/users/verify 400 18.320 ms - 43","timestamp":"2025-03-20 15:09:28"}
{"level":"info","message":"OPTIONS /api/users/verify 204 14.850 ms - -","timestamp":"2025-03-20 16:45:50"}
{"level":"info","message":"POST /api/users/verify 400 47.754 ms - 43","timestamp":"2025-03-20 16:45:51"}
{"level":"info","message":"OPTIONS /api/users/verify 204 3.489 ms - -","timestamp":"2025-03-20 16:53:23"}
{"level":"info","message":"POST /api/users/verify 400 144.084 ms - 43","timestamp":"2025-03-20 16:53:24"}
{"level":"info","message":"OPTIONS /api/users/verify 204 11.003 ms - -","timestamp":"2025-03-20 16:55:13"}
{"level":"info","message":"POST /api/users/verify 400 183.741 ms - 66","timestamp":"2025-03-20 16:55:13"}
{"level":"info","message":"OPTIONS /api/users 204 1.638 ms - -","timestamp":"2025-03-20 16:55:27"}
{"level":"info","message":"POST /api/users 409 9.764 ms - 99","timestamp":"2025-03-20 16:55:30"}
{"level":"info","message":"POST /api/users 200 4112.016 ms - 115","timestamp":"2025-03-20 16:55:32"}
{"level":"info","message":"OPTIONS /api/users/verify 204 1.155 ms - -","timestamp":"2025-03-20 16:55:45"}
{"level":"info","message":"POST /api/users/verify 500 9.878 ms - 83","timestamp":"2025-03-20 16:55:45"}
{"level":"info","message":"OPTIONS /api/users/verify 204 8.631 ms - -","timestamp":"2025-03-20 16:58:10"}
{"level":"info","message":"POST /api/users/verify 500 18.811 ms - 83","timestamp":"2025-03-20 16:58:10"}
{"level":"info","message":"OPTIONS /api/users/verify 204 10.653 ms - -","timestamp":"2025-03-20 16:59:09"}
{"level":"info","message":"POST /api/users/verify 500 51.940 ms - 83","timestamp":"2025-03-20 16:59:09"}
{"level":"info","message":"OPTIONS /api/users/verify 204 12.151 ms - -","timestamp":"2025-03-20 16:59:49"}
{"level":"info","message":"POST /api/users/verify 500 301.324 ms - 83","timestamp":"2025-03-20 16:59:49"}
{"level":"info","message":"OPTIONS /api/users/verify 204 13.620 ms - -","timestamp":"2025-03-20 17:01:02"}
{"level":"info","message":"POST /api/users/verify 409 58.730 ms - 65","timestamp":"2025-03-20 17:01:02"}
{"level":"info","message":"OPTIONS /api/users/verify 204 1.775 ms - -","timestamp":"2025-03-20 17:04:44"}
{"level":"info","message":"POST /api/users/verify 201 390.984 ms - 477","timestamp":"2025-03-20 17:04:44"}
{"level":"info","message":"OPTIONS /api/auth/login 204 1.565 ms - -","timestamp":"2025-03-20 17:05:20"}
{"level":"info","message":"POST /api/auth/login 200 154.865 ms - 396","timestamp":"2025-03-20 17:05:20"}
{"level":"info","message":"GET /api/users/me 200 10.432 ms - 408","timestamp":"2025-03-20 17:05:24"}
{"level":"info","message":"GET /api/hero 404 39.696 ms - 43","timestamp":"2025-03-20 17:44:14"}
{"level":"info","message":"GET /api/heroes 200 35.402 ms - 80","timestamp":"2025-03-20 17:44:29"}
{"level":"info","message":"POST /api/heroes 400 9.542 ms - 58","timestamp":"2025-03-20 17:53:40"}
{"level":"info","message":"POST /api/heroes 400 4.202 ms - 58","timestamp":"2025-03-20 17:53:59"}
{"level":"info","message":"POST /api/heroes 400 15.995 ms - 58","timestamp":"2025-03-21 09:41:44"}
{"level":"info","message":"POST /api/heroes 500 27.216 ms - 41","timestamp":"2025-03-21 09:47:43"}
{"level":"info","message":"POST /api/heroes 500 13.209 ms - 41","timestamp":"2025-03-21 09:47:50"}
{"level":"info","message":"POST /api/heroes 500 5.852 ms - 41","timestamp":"2025-03-21 09:48:43"}
{"level":"info","message":"GET /api/auth/refresh-token 200 10.488 ms - 284","timestamp":"2025-03-21 09:48:57"}
{"level":"info","message":"POST /api/heroes 400 2746.499 ms - 58","timestamp":"2025-03-21 09:49:09"}
{"level":"info","message":"POST /api/heroes 400 2534.572 ms - 58","timestamp":"2025-03-21 09:49:32"}
{"level":"info","message":"POST /api/heroes 400 2704.118 ms - 58","timestamp":"2025-03-21 09:50:23"}
{"level":"info","message":"POST /api/heroes 400 2676.925 ms - 58","timestamp":"2025-03-21 09:51:40"}
{"level":"info","message":"POST /api/heroes 400 2487.383 ms - 58","timestamp":"2025-03-21 09:53:11"}
{"level":"info","message":"POST /api/heroes 201 2363.317 ms - 384","timestamp":"2025-03-21 09:58:41"}
{"level":"info","message":"POST /api/heroes 500 15.409 ms - 41","timestamp":"2025-03-21 10:05:52"}
{"level":"info","message":"GET /api/auth/refresh-token 200 8.740 ms - 284","timestamp":"2025-03-21 10:06:02"}
{"level":"info","message":"POST /api/heroes 201 2231.911 ms - 384","timestamp":"2025-03-21 10:06:27"}
{"level":"info","message":"POST /api/heroes 201 2753.066 ms - 394","timestamp":"2025-03-21 10:18:54"}
{"level":"info","message":"GET /api/heroes 200 21.935 ms - 1013","timestamp":"2025-03-21 10:19:41"}
{"level":"info","message":"POST /api/heroes 201 1804.509 ms - 394","timestamp":"2025-03-21 10:20:37"}
{"level":"info","message":"GET /api/heroes 200 233.809 ms - -","timestamp":"2025-03-21 11:03:13"}
{"level":"info","message":"GET /api/heroes 200 10.278 ms - -","timestamp":"2025-03-21 11:03:47"}
{"level":"info","message":"GET /api/heroes 200 308.047 ms - -","timestamp":"2025-03-21 11:12:54"}
{"level":"info","message":"GET /api/heroes 200 7.825 ms - -","timestamp":"2025-03-21 11:15:07"}
{"level":"info","message":"GET /api/heroes 200 6.240 ms - -","timestamp":"2025-03-21 11:17:24"}
{"level":"info","message":"GET /api/heroes 200 343.146 ms - -","timestamp":"2025-03-21 11:23:27"}
{"level":"info","message":"GET /api/heroes 200 11.439 ms - -","timestamp":"2025-03-21 11:25:01"}
{"level":"info","message":"POST /api/heroes 500 287.392 ms - 41","timestamp":"2025-03-21 11:30:56"}
{"level":"info","message":"GET /api/auth/refresh-token 200 92.372 ms - 284","timestamp":"2025-03-21 11:31:53"}
{"level":"info","message":"POST /api/heroes 201 2890.475 ms - 394","timestamp":"2025-03-21 11:32:03"}
{"level":"info","message":"POST /api/heroes 201 2552.671 ms - 394","timestamp":"2025-03-21 11:32:23"}
{"level":"info","message":"POST /api/heroes 201 3536.727 ms - 394","timestamp":"2025-03-21 11:33:10"}
{"level":"info","message":"GET /api/heroes 200 33.461 ms - -","timestamp":"2025-03-21 11:33:24"}
{"level":"info","message":"GET /api/heroes 200 164.673 ms - -","timestamp":"2025-03-21 11:59:55"}
{"level":"info","message":"GET /api/heroes 200 11.443 ms - -","timestamp":"2025-03-21 12:00:17"}
{"level":"info","message":"GET /api/heroes 200 6.303 ms - -","timestamp":"2025-03-21 12:01:30"}
{"level":"info","message":"GET /api/heroes 200 9.827 ms - -","timestamp":"2025-03-21 12:01:41"}
{"level":"info","message":"GET /api/heroes 200 128.262 ms - -","timestamp":"2025-03-21 12:28:20"}
{"level":"info","message":"GET /api/faqs 200 204.938 ms - 939","timestamp":"2025-03-21 12:37:39"}
{"level":"info","message":"GET /api/faqs 200 18.579 ms - 939","timestamp":"2025-03-21 12:40:05"}
{"level":"info","message":"GET /api/faqs 200 237.932 ms - 939","timestamp":"2025-03-21 14:23:48"}
{"level":"info","message":"GET /api/heroes 200 200.682 ms - -","timestamp":"2025-03-21 14:23:48"}
{"level":"info","message":"GET /api/heroes 200 13.058 ms - -","timestamp":"2025-03-21 14:23:49"}
{"level":"info","message":"GET /api/faqs 200 22.454 ms - 939","timestamp":"2025-03-21 14:23:49"}
{"level":"info","message":"OPTIONS /api/auth/login 204 54.189 ms - -","timestamp":"2025-03-21 14:27:47"}
{"level":"info","message":"POST /api/auth/login 200 400.308 ms - 396","timestamp":"2025-03-21 14:27:47"}
{"level":"info","message":"GET /api/users/me 200 42.582 ms - 408","timestamp":"2025-03-21 14:27:51"}
{"level":"info","message":"GET /api/faqs 200 134.171 ms - 939","timestamp":"2025-03-22 15:35:13"}
{"level":"info","message":"GET /api/faqs 200 7.630 ms - 939","timestamp":"2025-03-22 15:35:25"}
{"level":"info","message":"GET /api/faqs 200 54.581 ms - 939","timestamp":"2025-03-22 15:40:35"}
{"level":"info","message":"GET /api/faqs 304 16.568 ms - -","timestamp":"2025-03-22 15:41:46"}
{"level":"info","message":"GET /api/faqs 304 9.093 ms - -","timestamp":"2025-03-22 15:42:36"}
{"level":"info","message":"GET /api/faqs 304 5.125 ms - -","timestamp":"2025-03-22 15:42:43"}
{"level":"info","message":"GET /api/faqs 200 7.141 ms - 939","timestamp":"2025-03-22 15:51:08"}
{"level":"info","message":"GET /api/faqs 200 5.396 ms - 939","timestamp":"2025-03-22 15:52:08"}
{"level":"info","message":"GET /api/faqs 200 49.556 ms - 939","timestamp":"2025-03-23 09:11:10"}
{"level":"info","message":"GET /api/faqs 200 9.476 ms - 939","timestamp":"2025-03-23 09:11:16"}
{"level":"info","message":"GET /api/faqs 200 39.612 ms - 939","timestamp":"2025-03-23 09:12:22"}
{"level":"info","message":"GET /api/faqs 200 6.223 ms - 939","timestamp":"2025-03-23 09:12:27"}
{"level":"info","message":"GET /api/faqs 200 94.111 ms - 939","timestamp":"2025-03-23 09:13:21"}
{"level":"info","message":"GET /api/faqs/undefined 500 87.411 ms - 125","timestamp":"2025-03-23 09:21:25"}
{"level":"info","message":"GET /api/faqs/undefined 500 3.766 ms - 125","timestamp":"2025-03-23 09:21:48"}
{"level":"info","message":"GET /api/faqs 304 49.094 ms - -","timestamp":"2025-03-23 09:22:02"}
{"level":"info","message":"GET /api/faqs 304 11.178 ms - -","timestamp":"2025-03-23 09:23:48"}
{"level":"info","message":"GET /api/faqs 304 11.444 ms - -","timestamp":"2025-03-23 09:24:08"}
{"level":"info","message":"GET /api/faqs 200 53.016 ms - 927","timestamp":"2025-03-23 09:39:08"}
{"level":"info","message":"GET /api/faqs 304 33.513 ms - -","timestamp":"2025-03-23 09:45:55"}
{"level":"info","message":"GET /api/faqs 304 15.876 ms - -","timestamp":"2025-03-23 09:49:47"}
{"level":"info","message":"GET /api/faqs 304 10.455 ms - -","timestamp":"2025-03-23 09:50:25"}
{"level":"info","message":"GET /api/faqs 304 3.866 ms - -","timestamp":"2025-03-23 09:51:28"}
{"level":"info","message":"GET /api/faqs 304 5.667 ms - -","timestamp":"2025-03-23 09:54:16"}
{"level":"info","message":"GET /api/faqs 200 11.583 ms - 927","timestamp":"2025-03-23 09:54:58"}
{"level":"info","message":"GET /api/faqs 304 7.500 ms - -","timestamp":"2025-03-23 09:57:50"}
{"level":"info","message":"GET /api/faqs 304 36.612 ms - -","timestamp":"2025-03-23 10:02:53"}
{"level":"info","message":"GET /api/faqs 304 21.645 ms - -","timestamp":"2025-03-23 10:05:03"}
{"level":"info","message":"GET /api/faqs/67dbb1d15c94313e4cd7dc3f 200 90.123 ms - 356","timestamp":"2025-03-23 10:06:42"}
{"level":"info","message":"GET /api/faqs/67dbb1d15c94313e4cd7dc3f 200 30.352 ms - 348","timestamp":"2025-03-23 10:08:09"}
{"level":"info","message":"GET /api/faqs/67dbb1d15c94313e4cd7dc3f 200 9.280 ms - 348","timestamp":"2025-03-23 10:13:16"}
{"level":"info","message":"GET /api/faqs/67dbb1d15c94313e4cd7dc3f 200 6.456 ms - 348","timestamp":"2025-03-23 10:14:02"}
{"level":"info","message":"GET /api/faqs/67dbb1d15c94313e4cd7dc3f 200 6.322 ms - 348","timestamp":"2025-03-23 10:14:47"}
{"level":"info","message":"GET /api/faqs/67dbb1d15c94313e4cd7dc3f 200 12.399 ms - 415","timestamp":"2025-03-23 10:18:43"}
{"level":"info","message":"GET /api/faqs 200 50.454 ms - -","timestamp":"2025-03-23 10:18:48"}
{"level":"info","message":"GET /api/faqs/67dbb1c85c94313e4cd7dc3d 200 7.958 ms - 408","timestamp":"2025-03-23 10:18:50"}
{"level":"info","message":"GET /api/faqs/67dbb1d45c94313e4cd7dc41 200 5.551 ms - 377","timestamp":"2025-03-23 10:18:57"}
{"level":"info","message":"GET /api/faqs 500 10026.033 ms - 87","timestamp":"2025-03-23 12:14:38"}
{"level":"info","message":"GET /api/faqs 200 82.554 ms - -","timestamp":"2025-03-23 12:16:54"}
{"level":"info","message":"GET /api/faqs/67dbb1c85c94313e4cd7dc3d 200 48.339 ms - 408","timestamp":"2025-03-23 12:16:56"}
{"level":"info","message":"GET /api/faqs/67dbb1d15c94313e4cd7dc3f 200 8.427 ms - 415","timestamp":"2025-03-23 12:16:59"}
{"level":"info","message":"GET /api/faqs/67dbb1d45c94313e4cd7dc41 200 9.244 ms - 377","timestamp":"2025-03-23 12:17:03"}
{"level":"info","message":"GET /api/faqs/67dbb1d45c94313e4cd7dc41 304 12.006 ms - -","timestamp":"2025-03-23 12:18:29"}
{"level":"info","message":"GET /api/faqs/67dbb1d15c94313e4cd7dc3f 304 5.094 ms - -","timestamp":"2025-03-23 12:18:32"}
{"level":"info","message":"GET /api/faqs/67dbb1c85c94313e4cd7dc3d 304 9.178 ms - -","timestamp":"2025-03-23 12:18:36"}
{"level":"info","message":"GET /api/faqs/67dbb1c85c94313e4cd7dc3d 304 5.595 ms - -","timestamp":"2025-03-23 12:20:15"}
{"level":"info","message":"GET /api/faqs/67dbb1c85c94313e4cd7dc3d 304 166.132 ms - -","timestamp":"2025-03-23 12:59:22"}
{"level":"info","message":"GET /api/faqs 304 123.101 ms - -","timestamp":"2025-03-23 15:05:31"}
{"level":"info","message":"GET /api/faqs/67dbb1c85c94313e4cd7dc3d 304 74.518 ms - -","timestamp":"2025-03-23 15:06:42"}
{"level":"info","message":"GET /api/faqs/67dbb1d15c94313e4cd7dc3f 304 10.058 ms - -","timestamp":"2025-03-23 15:06:47"}
{"level":"info","message":"GET /api/faqs/67dbb1d45c94313e4cd7dc41 304 4.946 ms - -","timestamp":"2025-03-23 15:06:50"}
{"level":"info","message":"GET /api/faqs/67dbb1d45c94313e4cd7dc41 304 11.727 ms - -","timestamp":"2025-03-23 15:13:34"}
{"level":"info","message":"GET /api/faqs/67dbb1d15c94313e4cd7dc3f 304 5.763 ms - -","timestamp":"2025-03-23 15:13:37"}
{"level":"info","message":"GET /api/faqs/67dbb1c85c94313e4cd7dc3d 304 8.003 ms - -","timestamp":"2025-03-23 15:13:39"}
{"level":"info","message":"GET /api/faqs 304 29.297 ms - -","timestamp":"2025-03-23 15:24:52"}
{"level":"info","message":"GET /api/faqs 304 19.467 ms - -","timestamp":"2025-03-23 15:30:15"}
{"level":"info","message":"GET /api/faqs/67dbb1c85c94313e4cd7dc3d 304 11.397 ms - -","timestamp":"2025-03-23 15:30:22"}
{"level":"info","message":"GET /api/faqs 304 127.681 ms - -","timestamp":"2025-03-23 15:38:17"}
{"level":"info","message":"GET /api/faqs 304 111.688 ms - -","timestamp":"2025-03-23 15:54:06"}
{"level":"info","message":"GET /api/faqs/67dbb1c85c94313e4cd7dc3d 304 20.185 ms - -","timestamp":"2025-03-23 15:54:35"}
{"level":"info","message":"GET /api/faqs 304 50.041 ms - -","timestamp":"2025-03-23 19:53:55"}
{"level":"info","message":"GET /api/faqs/67dbb1c85c94313e4cd7dc3d 304 16.017 ms - -","timestamp":"2025-03-23 19:54:15"}
{"level":"info","message":"GET /api/faqs/67dbb1d15c94313e4cd7dc3f 304 10.414 ms - -","timestamp":"2025-03-23 19:54:25"}
{"level":"info","message":"GET /api/faqs/67dbb1d45c94313e4cd7dc41 304 9.986 ms - -","timestamp":"2025-03-23 19:54:35"}
{"level":"info","message":"GET /api/faqs 304 12.938 ms - -","timestamp":"2025-03-23 20:33:18"}
{"level":"info","message":"OPTIONS /api/faqs 204 6.896 ms - 0","timestamp":"2025-03-23 20:52:29"}
{"level":"info","message":"POST /api/faqs 201 68.027 ms - 270","timestamp":"2025-03-23 20:52:29"}
{"level":"info","message":"GET /api/faqs 200 19.294 ms - -","timestamp":"2025-03-23 20:52:46"}
{"level":"info","message":"GET /api/faqs 304 3.900 ms - -","timestamp":"2025-03-23 21:11:10"}
{"level":"info","message":"OPTIONS /api/faqs 204 0.658 ms - 0","timestamp":"2025-03-23 21:12:52"}
{"level":"info","message":"POST /api/faqs 201 14.056 ms - 254","timestamp":"2025-03-23 21:12:52"}
{"level":"info","message":"GET /api/faqs 200 3.648 ms - -","timestamp":"2025-03-23 21:13:03"}
{"level":"info","message":"OPTIONS /api/faqs/67dbb1c85c94313e4cd7dc3d 204 0.614 ms - 0","timestamp":"2025-03-23 21:20:38"}
{"level":"info","message":"PUT /api/faqs/67dbb1c85c94313e4cd7dc3d 200 61.672 ms - 409","timestamp":"2025-03-23 21:20:38"}
{"level":"info","message":"GET /api/faqs 200 7.508 ms - -","timestamp":"2025-03-23 21:20:49"}
{"level":"info","message":"GET /api/faqs 304 4.655 ms - -","timestamp":"2025-03-23 21:28:29"}
{"level":"info","message":"GET /api/faqs 304 5.917 ms - -","timestamp":"2025-03-23 21:28:30"}
{"level":"info","message":"OPTIONS /api/faqs/67dbb1c85c94313e4cd7dc3d 204 0.484 ms - 0","timestamp":"2025-03-23 21:29:08"}
{"level":"info","message":"PUT /api/faqs/67dbb1c85c94313e4cd7dc3d 200 7.675 ms - 409","timestamp":"2025-03-23 21:29:08"}
{"level":"info","message":"GET /api/faqs 200 6.236 ms - -","timestamp":"2025-03-23 21:29:08"}
{"level":"info","message":"OPTIONS /api/faqs 204 0.385 ms - 0","timestamp":"2025-03-23 21:30:03"}
{"level":"info","message":"POST /api/faqs 201 8.626 ms - 261","timestamp":"2025-03-23 21:30:03"}
{"level":"info","message":"GET /api/faqs 200 4.554 ms - -","timestamp":"2025-03-23 21:30:03"}
{"level":"info","message":"GET /api/faqs 304 4.279 ms - -","timestamp":"2025-03-23 21:34:04"}
{"level":"info","message":"GET /api/faqs 304 10.550 ms - -","timestamp":"2025-03-23 21:56:44"}
{"level":"info","message":"GET /api/faqs 304 7.653 ms - -","timestamp":"2025-03-23 21:56:44"}
{"level":"info","message":"GET /api/faqs 304 5.537 ms - -","timestamp":"2025-03-23 21:56:44"}
{"level":"info","message":"GET /api/faqs 304 5.757 ms - -","timestamp":"2025-03-23 21:56:44"}
{"level":"info","message":"GET /api/faqs 304 5.862 ms - -","timestamp":"2025-03-23 21:56:47"}
{"level":"info","message":"GET /api/faqs 304 4.492 ms - -","timestamp":"2025-03-23 21:56:51"}
{"level":"info","message":"GET /api/faqs 304 6.237 ms - -","timestamp":"2025-03-23 21:56:59"}
{"level":"info","message":"OPTIONS /api/faqs/67e028fb5dfc9550a0b930d0 204 0.808 ms - 0","timestamp":"2025-03-23 21:57:09"}
{"level":"info","message":"DELETE /api/faqs/67e028fb5dfc9550a0b930d0 200 17.745 ms - 250","timestamp":"2025-03-23 21:57:09"}
{"level":"info","message":"GET /api/faqs 200 6.929 ms - -","timestamp":"2025-03-23 21:57:09"}
{"level":"info","message":"OPTIONS /api/faqs/67e024f45dfc9550a0b930c7 204 0.379 ms - 0","timestamp":"2025-03-23 21:57:12"}
{"level":"info","message":"DELETE /api/faqs/67e024f45dfc9550a0b930c7 200 5.748 ms - 243","timestamp":"2025-03-23 21:57:12"}
{"level":"info","message":"GET /api/faqs 200 5.756 ms - -","timestamp":"2025-03-23 21:57:12"}
{"level":"info","message":"GET /api/faqs 304 5.420 ms - -","timestamp":"2025-03-23 21:57:25"}
{"level":"info","message":"GET /api/faqs 304 4.270 ms - -","timestamp":"2025-03-23 21:57:58"}
{"level":"info","message":"GET /api/faqs 304 6.139 ms - -","timestamp":"2025-03-23 22:07:16"}
{"level":"info","message":"GET /api/faqs 304 6.322 ms - -","timestamp":"2025-03-23 22:15:57"}
{"level":"info","message":"GET /api/faqs? 200 4.010 ms - -","timestamp":"2025-03-23 22:18:45"}
{"level":"info","message":"GET /api/faqs?category=payments 200 16.015 ms - 64","timestamp":"2025-03-23 22:18:46"}
{"level":"info","message":"GET /api/faqs 304 4.874 ms - -","timestamp":"2025-03-23 22:18:57"}
{"level":"info","message":"GET /api/faqs 304 4.032 ms - -","timestamp":"2025-03-23 22:19:02"}
{"level":"info","message":"GET /api/faqs 304 4.895 ms - -","timestamp":"2025-03-23 22:19:06"}
{"level":"info","message":"GET /api/faqs? 304 4.678 ms - -","timestamp":"2025-03-23 22:19:11"}
{"level":"info","message":"GET /api/faqs?category=shipping 200 6.147 ms - 611","timestamp":"2025-03-23 22:19:17"}
{"level":"info","message":"GET /api/faqs?category=account 200 13.635 ms - 735","timestamp":"2025-03-23 22:19:43"}
{"level":"info","message":"GET /api/faqs? 304 10.134 ms - -","timestamp":"2025-03-23 23:11:16"}
{"level":"info","message":"GET /api/faqs? 304 54.517 ms - -","timestamp":"2025-03-23 23:24:58"}
{"level":"info","message":"GET /api/faqs? 304 9.243 ms - -","timestamp":"2025-03-23 23:26:17"}
{"level":"info","message":"GET /api/faqs?isActive=true 200 22.215 ms - -","timestamp":"2025-03-23 23:26:20"}
{"level":"info","message":"GET /api/faqs?isActive=false 200 6.547 ms - 64","timestamp":"2025-03-23 23:26:22"}
{"level":"info","message":"GET /api/faqs?category=general 200 6.731 ms - 64","timestamp":"2025-03-23 23:26:27"}
{"level":"info","message":"GET /api/faqs?category=payments 304 5.324 ms - -","timestamp":"2025-03-23 23:26:30"}
{"level":"info","message":"GET /api/faqs?category=shipping 304 4.109 ms - -","timestamp":"2025-03-23 23:26:32"}
{"level":"info","message":"GET /api/faqs?category=returns 200 7.820 ms - 64","timestamp":"2025-03-23 23:26:34"}
{"level":"info","message":"GET /api/faqs?category=account 304 6.162 ms - -","timestamp":"2025-03-23 23:26:40"}
{"level":"info","message":"OPTIONS /api/faqs/67dbb1d15c94313e4cd7dc3f 204 2.113 ms - 0","timestamp":"2025-03-23 23:27:14"}
{"level":"info","message":"DELETE /api/faqs/67dbb1d15c94313e4cd7dc3f 200 23.559 ms - 415","timestamp":"2025-03-23 23:27:14"}
{"level":"info","message":"GET /api/faqs?category=account 200 8.765 ms - 380","timestamp":"2025-03-23 23:27:14"}
{"level":"info","message":"GET /api/faqs? 200 4.311 ms - 928","timestamp":"2025-03-23 23:27:21"}
{"level":"info","message":"OPTIONS /api/faqs/67e0202d5dfc9550a0b930c3 204 0.542 ms - 0","timestamp":"2025-03-23 23:27:30"}
{"level":"info","message":"PUT /api/faqs/67e0202d5dfc9550a0b930c3 200 20.925 ms - 261","timestamp":"2025-03-23 23:27:30"}
{"level":"info","message":"GET /api/faqs? 200 4.357 ms - 930","timestamp":"2025-03-23 23:27:30"}
{"level":"info","message":"GET /api/faqs?category=general 304 5.904 ms - -","timestamp":"2025-03-23 23:32:08"}
{"level":"info","message":"GET /api/faqs?category=payments 304 6.035 ms - -","timestamp":"2025-03-23 23:32:11"}
{"level":"info","message":"GET /api/faqs?category=returns 304 4.074 ms - -","timestamp":"2025-03-23 23:32:14"}
{"level":"info","message":"GET /api/faqs?category=returns&isActive=false 200 3.691 ms - 64","timestamp":"2025-03-23 23:32:16"}
{"level":"info","message":"GET /api/faqs?isActive=false 304 3.679 ms - -","timestamp":"2025-03-23 23:32:27"}
{"level":"info","message":"OPTIONS /api/faqs/67e0202d5dfc9550a0b930c3 204 0.569 ms - 0","timestamp":"2025-03-23 23:32:40"}
{"level":"info","message":"PUT /api/faqs/67e0202d5dfc9550a0b930c3 200 8.116 ms - 262","timestamp":"2025-03-23 23:32:40"}
{"level":"info","message":"GET /api/faqs? 200 10.141 ms - 931","timestamp":"2025-03-23 23:32:41"}
{"level":"info","message":"GET /api/faqs?category=general 304 4.925 ms - -","timestamp":"2025-03-23 23:33:07"}
{"level":"info","message":"GET /api/faqs? 304 7.030 ms - -","timestamp":"2025-03-23 23:36:56"}
{"level":"info","message":"GET /api/faqs?category=returns 304 2.700 ms - -","timestamp":"2025-03-23 23:37:09"}
{"level":"info","message":"GET /api/faqs?category=shipping 200 4.592 ms - 614","timestamp":"2025-03-23 23:37:11"}
{"level":"info","message":"GET /api/faqs?category=shipping&isActive=true 200 4.682 ms - 614","timestamp":"2025-03-23 23:37:15"}
{"level":"info","message":"OPTIONS /api/faqs 204 0.459 ms - 0","timestamp":"2025-03-23 23:37:39"}
{"level":"info","message":"POST /api/faqs 201 58.399 ms - 256","timestamp":"2025-03-23 23:37:40"}
{"level":"info","message":"GET /api/faqs? 200 8.555 ms - -","timestamp":"2025-03-23 23:37:40"}
{"level":"info","message":"OPTIONS /api/faqs/67e046e417d609c94421b580 204 0.532 ms - 0","timestamp":"2025-03-23 23:37:52"}
{"level":"info","message":"DELETE /api/faqs/67e046e417d609c94421b580 200 6.137 ms - 245","timestamp":"2025-03-23 23:37:52"}
{"level":"info","message":"GET /api/faqs? 200 4.889 ms - 931","timestamp":"2025-03-23 23:37:52"}
{"level":"info","message":"GET /api/faqs?category=general 304 5.773 ms - -","timestamp":"2025-03-23 23:40:00"}
{"level":"info","message":"GET /api/faqs? 200 45.176 ms - 961","timestamp":"2025-03-23 23:48:20"}
{"level":"info","message":"GET /api/faqs? 304 48.560 ms - -","timestamp":"2025-03-23 23:50:27"}
{"level":"info","message":"GET /api/faqs? 304 12.584 ms - -","timestamp":"2025-03-23 23:51:44"}
{"level":"info","message":"GET /api/faqs? 304 15.757 ms - -","timestamp":"2025-03-23 23:54:15"}
{"level":"info","message":"GET /api/faqs? 304 9.262 ms - -","timestamp":"2025-03-23 23:55:46"}
{"level":"info","message":"GET /api/faqs? 304 6.175 ms - -","timestamp":"2025-03-23 23:56:10"}
{"level":"info","message":"GET /api/faqs? 304 6.614 ms - -","timestamp":"2025-03-23 23:59:55"}
{"level":"info","message":"GET /api/faqs? 304 4.833 ms - -","timestamp":"2025-03-24 00:00:14"}
{"level":"info","message":"GET /api/faqs? 304 7.141 ms - -","timestamp":"2025-03-24 00:00:55"}
{"level":"info","message":"OPTIONS /api/faqs/67e0202d5dfc9550a0b930c3 204 0.872 ms - 0","timestamp":"2025-03-24 00:02:47"}
{"level":"info","message":"PUT /api/faqs/67e0202d5dfc9550a0b930c3 200 20.583 ms - 273","timestamp":"2025-03-24 00:02:48"}
{"level":"info","message":"GET /api/faqs? 200 5.793 ms - 962","timestamp":"2025-03-24 00:02:48"}
{"level":"info","message":"GET /api/faqs? 304 4.952 ms - -","timestamp":"2025-03-24 00:05:54"}
{"level":"info","message":"GET /api/faqs? 304 8.268 ms - -","timestamp":"2025-03-24 00:08:22"}
{"level":"info","message":"GET /api/faqs? 304 5.033 ms - -","timestamp":"2025-03-24 00:10:18"}
{"level":"info","message":"OPTIONS /api/faqs/reorder 204 0.667 ms - 0","timestamp":"2025-03-24 00:10:22"}
{"level":"info","message":"POST /api/faqs/reorder 200 75.185 ms - 66","timestamp":"2025-03-24 00:10:22"}
{"level":"info","message":"GET /api/faqs? 200 5.845 ms - 962","timestamp":"2025-03-24 00:10:22"}
{"level":"info","message":"POST /api/faqs/reorder 200 8.372 ms - 66","timestamp":"2025-03-24 00:10:26"}
{"level":"info","message":"GET /api/faqs? 200 7.119 ms - 962","timestamp":"2025-03-24 00:10:26"}
{"level":"info","message":"OPTIONS /api/faqs/reorder 204 0.943 ms - 0","timestamp":"2025-03-24 00:10:28"}
{"level":"info","message":"POST /api/faqs/reorder 200 8.662 ms - 66","timestamp":"2025-03-24 00:10:28"}
{"level":"info","message":"GET /api/faqs? 200 8.541 ms - 962","timestamp":"2025-03-24 00:10:28"}
{"level":"info","message":"GET /api/faqs? 304 13.219 ms - -","timestamp":"2025-03-24 00:40:15"}
{"level":"info","message":"OPTIONS /api/faqs/reorder 204 0.563 ms - 0","timestamp":"2025-03-24 00:40:19"}
{"level":"info","message":"POST /api/faqs/reorder 200 10.981 ms - 66","timestamp":"2025-03-24 00:40:19"}
{"level":"info","message":"GET /api/faqs? 200 8.083 ms - 962","timestamp":"2025-03-24 00:40:19"}
{"level":"info","message":"POST /api/faqs/reorder 200 7.993 ms - 66","timestamp":"2025-03-24 00:40:23"}
{"level":"info","message":"GET /api/faqs? 200 4.512 ms - 962","timestamp":"2025-03-24 00:40:23"}
{"level":"info","message":"OPTIONS /api/faqs/reorder 204 0.831 ms - 0","timestamp":"2025-03-24 00:40:26"}
{"level":"info","message":"POST /api/faqs/reorder 200 6.390 ms - 66","timestamp":"2025-03-24 00:40:26"}
{"level":"info","message":"GET /api/faqs? 200 5.263 ms - 962","timestamp":"2025-03-24 00:40:26"}
{"level":"info","message":"POST /api/faqs/reorder 200 7.743 ms - 66","timestamp":"2025-03-24 00:40:29"}
{"level":"info","message":"GET /api/faqs? 200 4.559 ms - 962","timestamp":"2025-03-24 00:40:29"}
{"level":"info","message":"OPTIONS /api/faqs/reorder 204 0.513 ms - 0","timestamp":"2025-03-24 00:40:34"}
{"level":"info","message":"POST /api/faqs/reorder 200 3.919 ms - 66","timestamp":"2025-03-24 00:40:34"}
{"level":"info","message":"GET /api/faqs? 200 6.417 ms - 962","timestamp":"2025-03-24 00:40:34"}
{"level":"info","message":"GET /api/faqs? 304 14.988 ms - -","timestamp":"2025-03-24 00:40:40"}
{"level":"info","message":"OPTIONS /api/faqs/reorder 204 0.535 ms - 0","timestamp":"2025-03-24 00:40:41"}
{"level":"info","message":"POST /api/faqs/reorder 200 13.562 ms - 66","timestamp":"2025-03-24 00:40:41"}
{"level":"info","message":"GET /api/faqs? 200 7.327 ms - 962","timestamp":"2025-03-24 00:40:41"}
{"level":"info","message":"POST /api/faqs/reorder 200 8.495 ms - 66","timestamp":"2025-03-24 00:40:43"}
{"level":"info","message":"GET /api/faqs? 200 5.923 ms - 962","timestamp":"2025-03-24 00:40:43"}
{"level":"info","message":"POST /api/faqs/reorder 200 5.303 ms - 66","timestamp":"2025-03-24 00:40:45"}
{"level":"info","message":"GET /api/faqs? 200 5.326 ms - 962","timestamp":"2025-03-24 00:40:45"}
{"level":"info","message":"OPTIONS /api/faqs/reorder 204 0.702 ms - 0","timestamp":"2025-03-24 00:40:51"}
{"level":"info","message":"POST /api/faqs/reorder 200 5.160 ms - 66","timestamp":"2025-03-24 00:40:51"}
{"level":"info","message":"GET /api/faqs? 200 5.886 ms - 962","timestamp":"2025-03-24 00:40:51"}
{"level":"info","message":"POST /api/faqs/reorder 200 7.666 ms - 66","timestamp":"2025-03-24 00:40:55"}
{"level":"info","message":"GET /api/faqs? 200 5.463 ms - 962","timestamp":"2025-03-24 00:40:55"}
{"level":"info","message":"OPTIONS /api/faqs/reorder 204 0.968 ms - 0","timestamp":"2025-03-24 00:41:00"}
{"level":"info","message":"POST /api/faqs/reorder 200 3.925 ms - 66","timestamp":"2025-03-24 00:41:00"}
{"level":"info","message":"GET /api/faqs? 200 6.639 ms - 962","timestamp":"2025-03-24 00:41:00"}
{"level":"info","message":"OPTIONS /api/faqs/reorder 204 0.682 ms - 0","timestamp":"2025-03-24 00:41:15"}
{"level":"info","message":"POST /api/faqs/reorder 200 4.683 ms - 66","timestamp":"2025-03-24 00:41:15"}
{"level":"info","message":"GET /api/faqs? 200 6.875 ms - 962","timestamp":"2025-03-24 00:41:15"}
{"level":"info","message":"OPTIONS /api/faqs/reorder 204 1.008 ms - 0","timestamp":"2025-03-24 00:41:47"}
{"level":"info","message":"POST /api/faqs/reorder 200 7.068 ms - 66","timestamp":"2025-03-24 00:41:47"}
{"level":"info","message":"GET /api/faqs? 200 4.603 ms - 962","timestamp":"2025-03-24 00:41:47"}
{"level":"info","message":"OPTIONS /api/faqs/reorder 204 0.505 ms - 0","timestamp":"2025-03-24 00:42:34"}
{"level":"info","message":"POST /api/faqs/reorder 200 4.502 ms - 66","timestamp":"2025-03-24 00:42:34"}
{"level":"info","message":"GET /api/faqs? 200 11.604 ms - 962","timestamp":"2025-03-24 00:42:34"}
{"level":"info","message":"POST /api/faqs/reorder 200 5.456 ms - 66","timestamp":"2025-03-24 00:42:35"}
{"level":"info","message":"GET /api/faqs? 200 4.931 ms - 962","timestamp":"2025-03-24 00:42:35"}
{"level":"info","message":"OPTIONS /api/faqs/reorder 204 0.402 ms - 0","timestamp":"2025-03-24 00:42:44"}
{"level":"info","message":"POST /api/faqs/reorder 200 5.100 ms - 66","timestamp":"2025-03-24 00:42:44"}
{"level":"info","message":"GET /api/faqs? 200 6.173 ms - 962","timestamp":"2025-03-24 00:42:44"}
{"level":"info","message":"OPTIONS /api/faqs/reorder 204 0.447 ms - 0","timestamp":"2025-03-24 00:42:52"}
{"level":"info","message":"POST /api/faqs/reorder 200 2.946 ms - 66","timestamp":"2025-03-24 00:42:52"}
{"level":"info","message":"GET /api/faqs? 200 4.723 ms - 962","timestamp":"2025-03-24 00:42:52"}
{"level":"info","message":"OPTIONS /api/faqs/reorder 204 1.119 ms - 0","timestamp":"2025-03-24 00:43:43"}
{"level":"info","message":"POST /api/faqs/reorder 200 6.698 ms - 66","timestamp":"2025-03-24 00:43:43"}
{"level":"info","message":"GET /api/faqs? 200 5.457 ms - 962","timestamp":"2025-03-24 00:43:43"}
{"level":"info","message":"GET /api/faqs? 304 5.007 ms - -","timestamp":"2025-03-24 00:43:59"}
{"level":"info","message":"OPTIONS /api/faqs/reorder 204 0.355 ms - 0","timestamp":"2025-03-24 00:44:07"}
{"level":"info","message":"POST /api/faqs/reorder 200 7.911 ms - 66","timestamp":"2025-03-24 00:44:07"}
{"level":"info","message":"GET /api/faqs? 200 5.269 ms - 962","timestamp":"2025-03-24 00:44:07"}
{"level":"info","message":"OPTIONS /api/faqs/reorder 204 0.560 ms - 0","timestamp":"2025-03-24 00:44:24"}
{"level":"info","message":"POST /api/faqs/reorder 200 6.474 ms - 66","timestamp":"2025-03-24 00:44:24"}
{"level":"info","message":"GET /api/faqs? 200 4.218 ms - 962","timestamp":"2025-03-24 00:44:24"}
{"level":"info","message":"OPTIONS /api/faqs/reorder 204 0.554 ms - 0","timestamp":"2025-03-24 00:44:47"}
{"level":"info","message":"POST /api/faqs/reorder 200 13.719 ms - 66","timestamp":"2025-03-24 00:44:47"}
{"level":"info","message":"GET /api/faqs? 200 4.695 ms - 962","timestamp":"2025-03-24 00:44:47"}
{"level":"info","message":"OPTIONS /api/faqs/reorder 204 1.365 ms - 0","timestamp":"2025-03-24 00:45:00"}
{"level":"info","message":"POST /api/faqs/reorder 200 4.544 ms - 66","timestamp":"2025-03-24 00:45:00"}
{"level":"info","message":"GET /api/faqs? 200 5.746 ms - 962","timestamp":"2025-03-24 00:45:00"}
{"level":"info","message":"OPTIONS /api/faqs/reorder 204 0.420 ms - 0","timestamp":"2025-03-24 00:45:13"}
{"level":"info","message":"POST /api/faqs/reorder 200 9.260 ms - 66","timestamp":"2025-03-24 00:45:13"}
{"level":"info","message":"GET /api/faqs? 200 9.217 ms - 962","timestamp":"2025-03-24 00:45:13"}
{"level":"info","message":"OPTIONS /api/faqs/reorder 204 1.159 ms - 0","timestamp":"2025-03-24 00:45:20"}
{"level":"info","message":"POST /api/faqs/reorder 200 4.462 ms - 66","timestamp":"2025-03-24 00:45:20"}
{"level":"info","message":"GET /api/faqs? 200 5.556 ms - 962","timestamp":"2025-03-24 00:45:20"}
{"level":"info","message":"GET /api/faqs? 200 5.221 ms - 962","timestamp":"2025-03-24 00:45:36"}
{"level":"info","message":"OPTIONS /api/faqs/reorder 204 0.320 ms - 0","timestamp":"2025-03-24 00:45:38"}
{"level":"info","message":"POST /api/faqs/reorder 200 3.411 ms - 66","timestamp":"2025-03-24 00:45:38"}
{"level":"info","message":"GET /api/faqs? 200 4.056 ms - 962","timestamp":"2025-03-24 00:45:38"}
{"level":"info","message":"OPTIONS /api/faqs 204 0.319 ms - 0","timestamp":"2025-03-24 00:45:55"}
{"level":"info","message":"POST /api/faqs 201 136.981 ms - 266","timestamp":"2025-03-24 00:45:55"}
{"level":"info","message":"GET /api/faqs? 200 32.047 ms - -","timestamp":"2025-03-24 00:45:55"}
{"level":"info","message":"OPTIONS /api/faqs/reorder 204 0.419 ms - 0","timestamp":"2025-03-24 00:46:12"}
{"level":"info","message":"POST /api/faqs/reorder 200 4.108 ms - 66","timestamp":"2025-03-24 00:46:12"}
{"level":"info","message":"GET /api/faqs? 200 4.934 ms - -","timestamp":"2025-03-24 00:46:12"}
{"level":"info","message":"OPTIONS /api/faqs/reorder 204 3.381 ms - 0","timestamp":"2025-03-24 00:56:47"}
{"level":"info","message":"POST /api/faqs/reorder 200 10.210 ms - 66","timestamp":"2025-03-24 00:56:47"}
{"level":"info","message":"GET /api/faqs? 200 8.011 ms - -","timestamp":"2025-03-24 00:56:48"}
{"level":"info","message":"POST /api/faqs/reorder 200 8.820 ms - 66","timestamp":"2025-03-24 00:56:52"}
{"level":"info","message":"GET /api/faqs? 200 8.012 ms - -","timestamp":"2025-03-24 00:56:52"}
{"level":"info","message":"OPTIONS /api/faqs/reorder 204 1.125 ms - 0","timestamp":"2025-03-24 00:57:04"}
{"level":"info","message":"POST /api/faqs/reorder 200 5.577 ms - 66","timestamp":"2025-03-24 00:57:04"}
{"level":"info","message":"GET /api/faqs? 200 5.106 ms - -","timestamp":"2025-03-24 00:57:04"}
{"level":"info","message":"POST /api/faqs/reorder 200 6.050 ms - 66","timestamp":"2025-03-24 00:57:06"}
{"level":"info","message":"GET /api/faqs? 200 7.200 ms - -","timestamp":"2025-03-24 00:57:06"}
{"level":"info","message":"OPTIONS /api/faqs/reorder 204 0.632 ms - 0","timestamp":"2025-03-24 01:00:31"}
{"level":"info","message":"POST /api/faqs/reorder 200 5.925 ms - 66","timestamp":"2025-03-24 01:00:31"}
{"level":"info","message":"GET /api/faqs? 200 8.184 ms - -","timestamp":"2025-03-24 01:00:31"}
{"level":"info","message":"POST /api/faqs/reorder 200 6.040 ms - 66","timestamp":"2025-03-24 01:00:35"}
{"level":"info","message":"GET /api/faqs? 200 7.206 ms - -","timestamp":"2025-03-24 01:00:35"}
{"level":"info","message":"OPTIONS /api/faqs/reorder 204 1.488 ms - 0","timestamp":"2025-03-24 01:00:37"}
{"level":"info","message":"POST /api/faqs/reorder 200 4.360 ms - 66","timestamp":"2025-03-24 01:00:37"}
{"level":"info","message":"GET /api/faqs? 200 8.627 ms - -","timestamp":"2025-03-24 01:00:37"}
{"level":"info","message":"POST /api/faqs/reorder 200 5.512 ms - 66","timestamp":"2025-03-24 01:00:40"}
{"level":"info","message":"GET /api/faqs? 200 7.826 ms - -","timestamp":"2025-03-24 01:00:40"}
{"level":"info","message":"OPTIONS /api/faqs/reorder 204 1.224 ms - 0","timestamp":"2025-03-24 01:05:05"}
{"level":"info","message":"POST /api/faqs/reorder 200 5.557 ms - 66","timestamp":"2025-03-24 01:05:05"}
{"level":"info","message":"GET /api/faqs? 200 6.413 ms - -","timestamp":"2025-03-24 01:05:05"}
{"level":"info","message":"GET /api/faqs? 304 5.704 ms - -","timestamp":"2025-03-24 01:05:11"}
{"level":"info","message":"OPTIONS /api/faqs/reorder 204 0.393 ms - 0","timestamp":"2025-03-24 01:05:12"}
{"level":"info","message":"POST /api/faqs/reorder 200 4.634 ms - 66","timestamp":"2025-03-24 01:05:12"}
{"level":"info","message":"GET /api/faqs? 200 6.522 ms - -","timestamp":"2025-03-24 01:05:12"}
{"level":"info","message":"POST /api/faqs/reorder 200 5.710 ms - 66","timestamp":"2025-03-24 01:05:14"}
{"level":"info","message":"GET /api/faqs? 200 5.081 ms - -","timestamp":"2025-03-24 01:05:14"}
{"level":"info","message":"OPTIONS /api/faqs/reorder 204 0.411 ms - 0","timestamp":"2025-03-24 01:05:32"}
{"level":"info","message":"POST /api/faqs/reorder 200 8.436 ms - 66","timestamp":"2025-03-24 01:05:32"}
{"level":"info","message":"GET /api/faqs? 200 5.969 ms - -","timestamp":"2025-03-24 01:05:32"}
{"level":"info","message":"POST /api/faqs/reorder 200 4.793 ms - 66","timestamp":"2025-03-24 01:05:34"}
{"level":"info","message":"GET /api/faqs? 200 10.945 ms - -","timestamp":"2025-03-24 01:05:34"}
{"level":"info","message":"POST /api/faqs/reorder 200 5.043 ms - 66","timestamp":"2025-03-24 01:05:35"}
{"level":"info","message":"GET /api/faqs? 200 4.096 ms - -","timestamp":"2025-03-24 01:05:35"}
{"level":"info","message":"POST /api/faqs/reorder 200 6.595 ms - 66","timestamp":"2025-03-24 01:05:37"}
{"level":"info","message":"GET /api/faqs? 200 5.690 ms - -","timestamp":"2025-03-24 01:05:37"}
{"level":"info","message":"OPTIONS /api/faqs/reorder 204 0.555 ms - 0","timestamp":"2025-03-24 01:05:38"}
{"level":"info","message":"POST /api/faqs/reorder 200 4.615 ms - 66","timestamp":"2025-03-24 01:05:38"}
{"level":"info","message":"GET /api/faqs? 200 10.066 ms - -","timestamp":"2025-03-24 01:05:38"}
{"level":"info","message":"OPTIONS /api/faqs/67dbb1c85c94313e4cd7dc3d 204 0.352 ms - 0","timestamp":"2025-03-24 01:05:57"}
{"level":"info","message":"PUT /api/faqs/67dbb1c85c94313e4cd7dc3d 200 22.310 ms - 421","timestamp":"2025-03-24 01:05:57"}
{"level":"info","message":"GET /api/faqs? 200 8.473 ms - -","timestamp":"2025-03-24 01:05:57"}
{"level":"info","message":"OPTIONS /api/faqs/reorder 204 0.392 ms - 0","timestamp":"2025-03-24 01:06:03"}
{"level":"info","message":"POST /api/faqs/reorder 200 6.054 ms - 66","timestamp":"2025-03-24 01:06:03"}
{"level":"info","message":"GET /api/faqs? 200 6.592 ms - -","timestamp":"2025-03-24 01:06:03"}
{"level":"info","message":"POST /api/faqs/reorder 200 4.846 ms - 66","timestamp":"2025-03-24 01:06:05"}
{"level":"info","message":"GET /api/faqs? 200 5.341 ms - -","timestamp":"2025-03-24 01:06:05"}
{"level":"info","message":"POST /api/faqs/reorder 200 10.172 ms - 66","timestamp":"2025-03-24 01:06:08"}
{"level":"info","message":"GET /api/faqs? 200 7.458 ms - -","timestamp":"2025-03-24 01:06:08"}
{"level":"info","message":"OPTIONS /api/faqs/reorder 204 9.043 ms - 0","timestamp":"2025-03-24 01:13:10"}
{"level":"info","message":"POST /api/faqs/reorder 400 9.498 ms - 72","timestamp":"2025-03-24 01:13:10"}
{"level":"info","message":"GET /api/faqs? 304 47.193 ms - -","timestamp":"2025-03-24 01:13:10"}
{"level":"info","message":"POST /api/faqs/reorder 400 2.453 ms - 72","timestamp":"2025-03-24 01:13:12"}
{"level":"info","message":"GET /api/faqs? 304 12.471 ms - -","timestamp":"2025-03-24 01:13:12"}
{"level":"info","message":"POST /api/faqs/reorder 400 1.794 ms - 72","timestamp":"2025-03-24 01:13:13"}
{"level":"info","message":"GET /api/faqs? 304 8.697 ms - -","timestamp":"2025-03-24 01:13:13"}
{"level":"info","message":"GET /api/faqs? 304 5.082 ms - -","timestamp":"2025-03-24 01:14:10"}
{"level":"info","message":"OPTIONS /api/faqs/reorder 204 0.867 ms - 0","timestamp":"2025-03-24 01:14:12"}
{"level":"info","message":"POST /api/faqs/reorder 400 1.219 ms - 72","timestamp":"2025-03-24 01:14:12"}
{"level":"info","message":"GET /api/faqs? 304 8.184 ms - -","timestamp":"2025-03-24 01:14:12"}
{"level":"info","message":"POST /api/faqs/reorder 400 3.710 ms - 72","timestamp":"2025-03-24 01:14:15"}
{"level":"info","message":"GET /api/faqs? 304 16.027 ms - -","timestamp":"2025-03-24 01:14:15"}
{"level":"info","message":"OPTIONS /api/faqs/reorder 204 7.904 ms - 0","timestamp":"2025-03-24 01:16:01"}
{"level":"info","message":"POST /api/faqs/reorder 400 6.321 ms - 72","timestamp":"2025-03-24 01:16:01"}
{"level":"info","message":"GET /api/faqs? 304 44.360 ms - -","timestamp":"2025-03-24 01:16:01"}
{"level":"info","message":"POST /api/faqs/reorder 400 1.595 ms - 72","timestamp":"2025-03-24 01:16:05"}
{"level":"info","message":"GET /api/faqs? 304 9.573 ms - -","timestamp":"2025-03-24 01:16:05"}
{"level":"info","message":"OPTIONS /api/faqs/reorder 204 0.886 ms - 0","timestamp":"2025-03-24 01:16:07"}
{"level":"info","message":"POST /api/faqs/reorder 400 0.572 ms - 72","timestamp":"2025-03-24 01:16:07"}
{"level":"info","message":"GET /api/faqs? 304 11.248 ms - -","timestamp":"2025-03-24 01:16:07"}
{"level":"info","message":"POST /api/faqs/reorder 400 0.721 ms - 72","timestamp":"2025-03-24 01:16:09"}
{"level":"info","message":"GET /api/faqs? 304 7.456 ms - -","timestamp":"2025-03-24 01:16:09"}
{"level":"info","message":"OPTIONS /api/faqs/reorder 204 0.615 ms - 0","timestamp":"2025-03-24 01:16:17"}
{"level":"info","message":"POST /api/faqs/reorder 400 0.782 ms - 72","timestamp":"2025-03-24 01:16:17"}
{"level":"info","message":"GET /api/faqs? 304 10.912 ms - -","timestamp":"2025-03-24 01:16:17"}
{"level":"info","message":"OPTIONS /api/faqs/reorder 204 0.808 ms - 0","timestamp":"2025-03-24 01:16:34"}
{"level":"info","message":"POST /api/faqs/reorder 400 1.224 ms - 72","timestamp":"2025-03-24 01:16:34"}
{"level":"info","message":"GET /api/faqs? 304 9.091 ms - -","timestamp":"2025-03-24 01:16:34"}
{"level":"info","message":"GET /api/faqs? 304 6.753 ms - -","timestamp":"2025-03-24 01:16:42"}
{"level":"info","message":"OPTIONS /api/faqs/reorder 204 0.625 ms - 0","timestamp":"2025-03-24 01:16:45"}
{"level":"info","message":"POST /api/faqs/reorder 400 1.318 ms - 72","timestamp":"2025-03-24 01:16:45"}
{"level":"info","message":"GET /api/faqs? 304 6.466 ms - -","timestamp":"2025-03-24 01:16:45"}
{"level":"info","message":"POST /api/faqs/reorder 400 1.361 ms - 72","timestamp":"2025-03-24 01:16:47"}
{"level":"info","message":"GET /api/faqs? 304 10.007 ms - -","timestamp":"2025-03-24 01:16:47"}
{"level":"info","message":"OPTIONS /api/faqs/reorder 204 0.545 ms - 0","timestamp":"2025-03-24 01:17:14"}
{"level":"info","message":"POST /api/faqs/reorder 200 140.587 ms - -","timestamp":"2025-03-24 01:17:14"}
{"level":"info","message":"GET /api/faqs? 200 9.413 ms - -","timestamp":"2025-03-24 01:17:14"}
{"level":"info","message":"POST /api/faqs/reorder 200 26.465 ms - -","timestamp":"2025-03-24 01:17:18"}
{"level":"info","message":"GET /api/faqs? 200 11.296 ms - -","timestamp":"2025-03-24 01:17:18"}
{"level":"info","message":"GET /api/faqs?category=general 200 8.762 ms - 258","timestamp":"2025-03-24 01:18:17"}
{"level":"info","message":"GET /api/faqs? 304 4.903 ms - -","timestamp":"2025-03-24 01:18:39"}
{"level":"info","message":"OPTIONS /api/faqs/reorder 204 0.533 ms - 0","timestamp":"2025-03-24 01:18:45"}
{"level":"info","message":"POST /api/faqs/reorder 200 81.703 ms - -","timestamp":"2025-03-24 01:18:45"}
{"level":"info","message":"GET /api/faqs? 200 5.308 ms - -","timestamp":"2025-03-24 01:18:45"}
{"level":"info","message":"OPTIONS /api/faqs/reorder 204 0.668 ms - 0","timestamp":"2025-03-24 01:20:03"}
{"level":"info","message":"POST /api/faqs/reorder 200 30.026 ms - -","timestamp":"2025-03-24 01:20:03"}
{"level":"info","message":"GET /api/faqs? 200 6.984 ms - -","timestamp":"2025-03-24 01:20:04"}
{"level":"info","message":"OPTIONS /api/faqs/reorder 204 0.625 ms - 0","timestamp":"2025-03-24 01:20:20"}
{"level":"info","message":"POST /api/faqs/reorder 200 23.660 ms - -","timestamp":"2025-03-24 01:20:20"}
{"level":"info","message":"GET /api/faqs? 200 17.719 ms - -","timestamp":"2025-03-24 01:20:20"}
{"level":"info","message":"OPTIONS /api/faqs/reorder 204 0.497 ms - 0","timestamp":"2025-03-24 01:20:27"}
{"level":"info","message":"POST /api/faqs/reorder 200 35.798 ms - -","timestamp":"2025-03-24 01:20:27"}
{"level":"info","message":"GET /api/faqs? 200 5.369 ms - -","timestamp":"2025-03-24 01:20:27"}
{"level":"info","message":"POST /api/faqs/reorder 200 18.372 ms - -","timestamp":"2025-03-24 01:20:31"}
{"level":"info","message":"GET /api/faqs? 200 5.665 ms - -","timestamp":"2025-03-24 01:20:31"}
{"level":"info","message":"OPTIONS /api/faqs/reorder 204 0.715 ms - 0","timestamp":"2025-03-24 01:20:46"}
{"level":"info","message":"POST /api/faqs/reorder 200 20.471 ms - -","timestamp":"2025-03-24 01:20:46"}
{"level":"info","message":"GET /api/faqs? 200 6.248 ms - -","timestamp":"2025-03-24 01:20:46"}
{"level":"info","message":"OPTIONS /api/faqs/reorder 204 0.360 ms - 0","timestamp":"2025-03-24 01:21:00"}
{"level":"info","message":"POST /api/faqs/reorder 200 41.170 ms - -","timestamp":"2025-03-24 01:21:00"}
{"level":"info","message":"GET /api/faqs? 200 6.194 ms - -","timestamp":"2025-03-24 01:21:00"}
{"level":"info","message":"OPTIONS /api/faqs/reorder 204 0.581 ms - 0","timestamp":"2025-03-24 01:25:18"}
{"level":"info","message":"POST /api/faqs/reorder 200 38.058 ms - -","timestamp":"2025-03-24 01:25:18"}
{"level":"info","message":"GET /api/faqs? 200 7.515 ms - -","timestamp":"2025-03-24 01:25:18"}
{"level":"info","message":"POST /api/faqs/reorder 200 18.833 ms - -","timestamp":"2025-03-24 01:25:20"}
{"level":"info","message":"GET /api/faqs? 200 4.504 ms - -","timestamp":"2025-03-24 01:25:20"}
{"level":"info","message":"GET /api/faqs? 304 4.912 ms - -","timestamp":"2025-03-24 01:25:25"}
{"level":"info","message":"OPTIONS /api/faqs/reorder 204 0.447 ms - 0","timestamp":"2025-03-24 01:25:27"}
{"level":"info","message":"POST /api/faqs/reorder 200 19.800 ms - -","timestamp":"2025-03-24 01:25:27"}
{"level":"info","message":"GET /api/faqs? 200 7.706 ms - -","timestamp":"2025-03-24 01:25:27"}
{"level":"info","message":"POST /api/faqs/reorder 200 18.985 ms - -","timestamp":"2025-03-24 01:25:29"}
{"level":"info","message":"GET /api/faqs? 200 6.262 ms - -","timestamp":"2025-03-24 01:25:29"}
{"level":"info","message":"OPTIONS /api/faqs/reorder 204 0.408 ms - 0","timestamp":"2025-03-24 01:25:33"}
{"level":"info","message":"POST /api/faqs/reorder 200 139.246 ms - -","timestamp":"2025-03-24 01:25:33"}
{"level":"info","message":"GET /api/faqs? 200 4.031 ms - -","timestamp":"2025-03-24 01:25:33"}
{"level":"info","message":"POST /api/faqs/reorder 200 18.477 ms - -","timestamp":"2025-03-24 01:25:36"}
{"level":"info","message":"GET /api/faqs? 200 5.134 ms - -","timestamp":"2025-03-24 01:25:36"}
{"level":"info","message":"OPTIONS /api/faqs/reorder 204 0.386 ms - 0","timestamp":"2025-03-24 01:25:43"}
{"level":"info","message":"POST /api/faqs/reorder 200 21.988 ms - -","timestamp":"2025-03-24 01:25:43"}
{"level":"info","message":"GET /api/faqs? 200 4.610 ms - -","timestamp":"2025-03-24 01:25:43"}
{"level":"info","message":"POST /api/faqs/reorder 200 19.168 ms - -","timestamp":"2025-03-24 01:25:45"}
{"level":"info","message":"GET /api/faqs? 200 5.572 ms - -","timestamp":"2025-03-24 01:25:45"}
{"level":"info","message":"POST /api/faqs/reorder 200 16.742 ms - -","timestamp":"2025-03-24 01:25:47"}
{"level":"info","message":"GET /api/faqs? 200 6.962 ms - -","timestamp":"2025-03-24 01:25:47"}
{"level":"info","message":"OPTIONS /api/faqs/reorder 204 0.380 ms - 0","timestamp":"2025-03-24 01:26:06"}
{"level":"info","message":"POST /api/faqs/reorder 200 40.716 ms - -","timestamp":"2025-03-24 01:26:06"}
{"level":"info","message":"GET /api/faqs? 200 9.192 ms - -","timestamp":"2025-03-24 01:26:06"}
{"level":"info","message":"OPTIONS /api/faqs/reorder 204 0.614 ms - 0","timestamp":"2025-03-24 01:26:18"}
{"level":"info","message":"POST /api/faqs/reorder 200 27.247 ms - -","timestamp":"2025-03-24 01:26:18"}
{"level":"info","message":"GET /api/faqs? 200 4.268 ms - -","timestamp":"2025-03-24 01:26:18"}
{"level":"info","message":"OPTIONS /api/faqs/reorder 204 0.685 ms - 0","timestamp":"2025-03-24 01:26:28"}
{"level":"info","message":"POST /api/faqs/reorder 200 24.120 ms - -","timestamp":"2025-03-24 01:26:28"}
{"level":"info","message":"GET /api/faqs? 200 4.650 ms - -","timestamp":"2025-03-24 01:26:28"}
{"level":"info","message":"GET /api/faqs? 304 122.781 ms - -","timestamp":"2025-03-24 09:30:48"}
{"level":"info","message":"OPTIONS /api/faqs/reorder 204 2.239 ms - 0","timestamp":"2025-03-24 09:30:52"}
{"level":"info","message":"POST /api/faqs/reorder 200 133.295 ms - -","timestamp":"2025-03-24 09:30:52"}
{"level":"info","message":"GET /api/faqs? 200 8.510 ms - -","timestamp":"2025-03-24 09:30:52"}
{"level":"info","message":"POST /api/faqs/reorder 200 26.248 ms - -","timestamp":"2025-03-24 09:30:55"}
{"level":"info","message":"GET /api/faqs? 200 7.026 ms - -","timestamp":"2025-03-24 09:30:55"}
{"level":"info","message":"GET /api/faqs?category=payments 304 6.704 ms - -","timestamp":"2025-03-24 09:31:05"}
{"level":"info","message":"GET /api/faqs?category=shipping 200 9.477 ms - 637","timestamp":"2025-03-24 09:34:16"}
{"level":"info","message":"OPTIONS /api/faqs/reorder 204 0.491 ms - 0","timestamp":"2025-03-24 09:34:53"}
{"level":"info","message":"POST /api/faqs/reorder 200 61.619 ms - -","timestamp":"2025-03-24 09:34:53"}
{"level":"info","message":"GET /api/faqs? 200 4.874 ms - -","timestamp":"2025-03-24 09:34:53"}
{"level":"info","message":"OPTIONS /api/faqs/reorder 204 0.347 ms - 0","timestamp":"2025-03-24 09:36:03"}
{"level":"info","message":"POST /api/faqs/reorder 200 62.338 ms - -","timestamp":"2025-03-24 09:36:03"}
{"level":"info","message":"GET /api/faqs? 200 8.460 ms - -","timestamp":"2025-03-24 09:36:03"}
{"level":"info","message":"OPTIONS /api/faqs/reorder 204 0.435 ms - 0","timestamp":"2025-03-24 09:36:18"}
{"level":"info","message":"POST /api/faqs/reorder 200 81.738 ms - -","timestamp":"2025-03-24 09:36:18"}
{"level":"info","message":"GET /api/faqs? 200 6.400 ms - -","timestamp":"2025-03-24 09:36:18"}
{"level":"info","message":"OPTIONS /api/faqs/67e0202d5dfc9550a0b930c3 204 1.299 ms - 0","timestamp":"2025-03-24 09:36:54"}
{"level":"info","message":"DELETE /api/faqs/67e0202d5dfc9550a0b930c3 200 72.225 ms - 273","timestamp":"2025-03-24 09:36:54"}
{"level":"info","message":"GET /api/faqs? 200 5.447 ms - 946","timestamp":"2025-03-24 09:36:54"}
{"level":"info","message":"OPTIONS /api/faqs 204 0.565 ms - 0","timestamp":"2025-03-24 09:37:17"}
{"level":"info","message":"POST /api/faqs 201 140.833 ms - 264","timestamp":"2025-03-24 09:37:18"}
{"level":"info","message":"GET /api/faqs? 200 62.455 ms - -","timestamp":"2025-03-24 09:37:18"}
{"level":"info","message":"OPTIONS /api/faqs/reorder 204 0.651 ms - 0","timestamp":"2025-03-24 09:38:03"}
{"level":"info","message":"POST /api/faqs/reorder 200 113.365 ms - -","timestamp":"2025-03-24 09:38:03"}
{"level":"info","message":"GET /api/faqs? 200 5.695 ms - -","timestamp":"2025-03-24 09:38:03"}
{"level":"info","message":"OPTIONS /api/faqs/reorder 204 0.377 ms - 0","timestamp":"2025-03-24 09:38:21"}
{"level":"info","message":"POST /api/faqs/reorder 200 88.491 ms - -","timestamp":"2025-03-24 09:38:21"}
{"level":"info","message":"GET /api/faqs? 200 5.525 ms - -","timestamp":"2025-03-24 09:38:21"}
{"level":"info","message":"OPTIONS /api/faqs/reorder 204 0.450 ms - 0","timestamp":"2025-03-24 09:38:58"}
{"level":"info","message":"POST /api/faqs/reorder 200 95.404 ms - -","timestamp":"2025-03-24 09:38:58"}
{"level":"info","message":"GET /api/faqs? 200 7.000 ms - -","timestamp":"2025-03-24 09:38:58"}
{"level":"info","message":"GET /api/faqs? 200 347.709 ms - -","timestamp":"2025-03-24 10:09:01"}
{"level":"info","message":"OPTIONS /api/faqs/reorder 204 2.347 ms - 0","timestamp":"2025-03-24 10:12:06"}
{"level":"info","message":"POST /api/faqs/reorder 200 90.927 ms - -","timestamp":"2025-03-24 10:12:07"}
{"level":"info","message":"GET /api/faqs? 200 35.156 ms - -","timestamp":"2025-03-24 10:12:07"}
{"level":"info","message":"GET /api/faqs?category=shipping 200 335.506 ms - 424","timestamp":"2025-03-24 10:25:43"}
{"level":"info","message":"GET /api/faqs?category=shipping&isActive=false 200 44.848 ms - 64","timestamp":"2025-03-24 10:25:45"}
{"level":"info","message":"OPTIONS /api/faqs/67dbb1d45c94313e4cd7dc41 204 2.365 ms - 0","timestamp":"2025-03-24 10:26:22"}
{"level":"info","message":"PUT /api/faqs/67dbb1d45c94313e4cd7dc41 200 223.156 ms - 387","timestamp":"2025-03-24 10:26:23"}
{"level":"info","message":"GET /api/faqs? 200 34.031 ms - -","timestamp":"2025-03-24 10:26:23"}
{"level":"info","message":"OPTIONS /api/faqs/reorder 204 0.363 ms - 0","timestamp":"2025-03-24 10:27:03"}
{"level":"info","message":"POST /api/faqs/reorder 200 50.795 ms - -","timestamp":"2025-03-24 10:27:03"}
{"level":"info","message":"GET /api/faqs? 200 7.224 ms - -","timestamp":"2025-03-24 10:27:03"}
{"level":"info","message":"GET /api/faqs? 200 92.397 ms - -","timestamp":"2025-03-25 12:59:11"}
{"level":"info","message":"OPTIONS /api/faqs/reorder 204 1.230 ms - 0","timestamp":"2025-03-25 12:59:15"}
{"level":"info","message":"POST /api/faqs/reorder 200 98.193 ms - -","timestamp":"2025-03-25 12:59:15"}
{"level":"info","message":"GET /api/faqs? 200 9.322 ms - -","timestamp":"2025-03-25 12:59:15"}
{"level":"info","message":"GET /api/faqs? 304 155.552 ms - -","timestamp":"2025-03-25 15:08:34"}
{"level":"info","message":"OPTIONS /api/faqs/reorder 204 2.428 ms - 0","timestamp":"2025-03-25 15:08:36"}
{"level":"info","message":"POST /api/faqs/reorder 200 62.297 ms - -","timestamp":"2025-03-25 15:08:36"}
{"level":"info","message":"GET /api/faqs? 200 6.028 ms - -","timestamp":"2025-03-25 15:08:36"}
{"level":"info","message":"POST /api/faqs/reorder 200 26.358 ms - -","timestamp":"2025-03-25 15:08:38"}
{"level":"info","message":"GET /api/faqs? 200 12.588 ms - -","timestamp":"2025-03-25 15:08:38"}
{"level":"info","message":"OPTIONS /api/faqs/reorder 204 0.774 ms - 0","timestamp":"2025-03-25 15:08:42"}
{"level":"info","message":"POST /api/faqs/reorder 200 45.724 ms - -","timestamp":"2025-03-25 15:08:42"}
{"level":"info","message":"GET /api/faqs? 200 4.081 ms - -","timestamp":"2025-03-25 15:08:42"}
{"level":"info","message":"POST /api/faqs/reorder 200 25.578 ms - -","timestamp":"2025-03-25 15:08:46"}
{"level":"info","message":"GET /api/faqs? 200 6.514 ms - -","timestamp":"2025-03-25 15:08:46"}
{"level":"info","message":"OPTIONS /api/faqs/reorder 204 0.507 ms - 0","timestamp":"2025-03-25 15:08:50"}
{"level":"info","message":"POST /api/faqs/reorder 200 18.968 ms - -","timestamp":"2025-03-25 15:08:50"}
{"level":"info","message":"GET /api/faqs? 200 6.529 ms - -","timestamp":"2025-03-25 15:08:50"}
{"level":"info","message":"POST /api/faqs/reorder 200 26.339 ms - -","timestamp":"2025-03-25 15:08:53"}
{"level":"info","message":"GET /api/faqs? 200 5.429 ms - -","timestamp":"2025-03-25 15:08:53"}
{"level":"info","message":"OPTIONS /api/faqs/reorder 204 0.485 ms - 0","timestamp":"2025-03-25 15:09:07"}
{"level":"info","message":"POST /api/faqs/reorder 200 24.980 ms - -","timestamp":"2025-03-25 15:09:07"}
{"level":"info","message":"GET /api/faqs? 200 7.192 ms - -","timestamp":"2025-03-25 15:09:07"}
{"level":"info","message":"GET /api/faqs? 304 6.882 ms - -","timestamp":"2025-03-25 15:09:14"}
{"level":"info","message":"OPTIONS /api/faqs/reorder 204 0.581 ms - 0","timestamp":"2025-03-25 15:09:17"}
{"level":"info","message":"POST /api/faqs/reorder 200 24.328 ms - -","timestamp":"2025-03-25 15:09:17"}
{"level":"info","message":"GET /api/faqs? 200 6.125 ms - -","timestamp":"2025-03-25 15:09:17"}
{"level":"info","message":"OPTIONS /api/faqs/reorder 204 0.817 ms - 0","timestamp":"2025-03-25 15:15:31"}
{"level":"info","message":"POST /api/faqs/reorder 200 24.659 ms - -","timestamp":"2025-03-25 15:15:31"}
{"level":"info","message":"GET /api/faqs? 200 4.872 ms - -","timestamp":"2025-03-25 15:15:31"}
{"level":"info","message":"POST /api/faqs/reorder 200 29.179 ms - -","timestamp":"2025-03-25 15:15:33"}
{"level":"info","message":"GET /api/faqs? 200 6.526 ms - -","timestamp":"2025-03-25 15:15:33"}
{"level":"info","message":"POST /api/faqs/reorder 200 18.950 ms - -","timestamp":"2025-03-25 15:15:34"}
{"level":"info","message":"GET /api/faqs? 200 3.397 ms - -","timestamp":"2025-03-25 15:15:34"}
{"level":"info","message":"GET /api/faqs? 304 4.395 ms - -","timestamp":"2025-03-25 15:15:40"}
{"level":"info","message":"OPTIONS /api/faqs/reorder 204 0.525 ms - 0","timestamp":"2025-03-25 15:15:43"}
{"level":"info","message":"POST /api/faqs/reorder 200 18.540 ms - -","timestamp":"2025-03-25 15:15:43"}
{"level":"info","message":"GET /api/faqs? 200 3.847 ms - -","timestamp":"2025-03-25 15:15:43"}
{"level":"info","message":"POST /api/faqs/reorder 200 20.305 ms - -","timestamp":"2025-03-25 15:15:46"}
{"level":"info","message":"GET /api/faqs? 200 5.362 ms - -","timestamp":"2025-03-25 15:15:46"}
{"level":"info","message":"OPTIONS /api/faqs/reorder 204 0.506 ms - 0","timestamp":"2025-03-25 15:15:50"}
{"level":"info","message":"POST /api/faqs/reorder 200 19.250 ms - -","timestamp":"2025-03-25 15:15:50"}
{"level":"info","message":"GET /api/faqs? 200 6.164 ms - -","timestamp":"2025-03-25 15:15:50"}
{"level":"info","message":"OPTIONS /api/faqs/67dbb1c85c94313e4cd7dc3d 204 0.579 ms - 0","timestamp":"2025-03-25 15:16:09"}
{"level":"info","message":"PUT /api/faqs/67dbb1c85c94313e4cd7dc3d 200 64.340 ms - 422","timestamp":"2025-03-25 15:16:09"}
{"level":"info","message":"GET /api/faqs? 200 6.143 ms - -","timestamp":"2025-03-25 15:16:09"}
{"level":"info","message":"GET /api/faqs? 304 4.605 ms - -","timestamp":"2025-03-25 15:16:25"}
{"level":"info","message":"GET /api/faqs? 304 4.988 ms - -","timestamp":"2025-03-25 15:16:26"}
{"level":"info","message":"OPTIONS /api/faqs/reorder 204 0.508 ms - 0","timestamp":"2025-03-25 15:16:27"}
{"level":"info","message":"POST /api/faqs/reorder 200 99.714 ms - -","timestamp":"2025-03-25 15:16:27"}
{"level":"info","message":"GET /api/faqs? 200 10.854 ms - -","timestamp":"2025-03-25 15:16:28"}
{"level":"info","message":"POST /api/faqs/reorder 200 17.730 ms - -","timestamp":"2025-03-25 15:16:29"}
{"level":"info","message":"GET /api/faqs? 200 5.032 ms - -","timestamp":"2025-03-25 15:16:29"}
{"level":"info","message":"POST /api/faqs/reorder 200 17.749 ms - -","timestamp":"2025-03-25 15:16:31"}
{"level":"info","message":"GET /api/faqs? 200 6.910 ms - -","timestamp":"2025-03-25 15:16:31"}
{"level":"info","message":"OPTIONS /api/faqs/reorder 204 0.535 ms - 0","timestamp":"2025-03-25 15:16:56"}
{"level":"info","message":"POST /api/faqs/reorder 200 17.677 ms - -","timestamp":"2025-03-25 15:16:56"}
{"level":"info","message":"GET /api/faqs? 200 5.694 ms - -","timestamp":"2025-03-25 15:16:56"}
{"level":"info","message":"OPTIONS /api/faqs/67dbb1c85c94313e4cd7dc3d 204 0.327 ms - 0","timestamp":"2025-03-25 15:17:07"}
{"level":"info","message":"PUT /api/faqs/67dbb1c85c94313e4cd7dc3d 200 4.832 ms - 421","timestamp":"2025-03-25 15:17:07"}
{"level":"info","message":"GET /api/faqs? 200 4.100 ms - -","timestamp":"2025-03-25 15:17:07"}
{"level":"info","message":"PUT /api/faqs/67dbb1c85c94313e4cd7dc3d 200 4.563 ms - 422","timestamp":"2025-03-25 15:17:12"}
{"level":"info","message":"GET /api/faqs? 200 6.446 ms - -","timestamp":"2025-03-25 15:17:12"}
{"level":"info","message":"GET /api/faqs? 304 95.500 ms - -","timestamp":"2025-03-25 15:37:09"}
{"level":"info","message":"GET /api/faqs? 304 4.915 ms - -","timestamp":"2025-03-25 15:37:09"}
{"level":"info","message":"GET /api/faqs? 304 4.561 ms - -","timestamp":"2025-03-25 15:37:10"}
{"level":"info","message":"GET /api/faqs? 304 6.273 ms - -","timestamp":"2025-03-25 15:37:10"}
{"level":"info","message":"OPTIONS /api/faqs/reorder 204 1.143 ms - 0","timestamp":"2025-03-25 15:37:12"}
{"level":"info","message":"POST /api/faqs/reorder 200 65.988 ms - -","timestamp":"2025-03-25 15:37:12"}
{"level":"info","message":"GET /api/faqs? 200 5.845 ms - -","timestamp":"2025-03-25 15:37:13"}
{"level":"info","message":"POST /api/faqs/reorder 200 28.085 ms - -","timestamp":"2025-03-25 15:37:17"}
{"level":"info","message":"GET /api/faqs? 200 8.435 ms - -","timestamp":"2025-03-25 15:37:17"}
{"level":"info","message":"OPTIONS /api/faqs/reorder 204 0.454 ms - 0","timestamp":"2025-03-25 15:37:19"}
{"level":"info","message":"POST /api/faqs/reorder 200 19.531 ms - -","timestamp":"2025-03-25 15:37:19"}
{"level":"info","message":"GET /api/faqs? 200 3.935 ms - -","timestamp":"2025-03-25 15:37:19"}
{"level":"info","message":"POST /api/faqs/reorder 200 22.954 ms - -","timestamp":"2025-03-25 15:37:21"}
{"level":"info","message":"GET /api/faqs? 200 6.957 ms - -","timestamp":"2025-03-25 15:37:21"}
{"level":"info","message":"OPTIONS /api/faqs/reorder 204 0.485 ms - 0","timestamp":"2025-03-25 15:37:26"}
{"level":"info","message":"POST /api/faqs/reorder 200 23.580 ms - -","timestamp":"2025-03-25 15:37:26"}
{"level":"info","message":"GET /api/faqs? 200 4.836 ms - -","timestamp":"2025-03-25 15:37:26"}
{"level":"info","message":"POST /api/faqs/reorder 200 22.749 ms - -","timestamp":"2025-03-25 15:37:30"}
{"level":"info","message":"GET /api/faqs? 200 4.528 ms - -","timestamp":"2025-03-25 15:37:31"}
{"level":"info","message":"OPTIONS /api/faqs/reorder 204 0.582 ms - 0","timestamp":"2025-03-25 15:37:32"}
{"level":"info","message":"POST /api/faqs/reorder 200 24.029 ms - -","timestamp":"2025-03-25 15:37:32"}
{"level":"info","message":"GET /api/faqs? 200 7.807 ms - -","timestamp":"2025-03-25 15:37:32"}
{"level":"info","message":"POST /api/faqs/reorder 200 20.676 ms - -","timestamp":"2025-03-25 15:37:35"}
{"level":"info","message":"GET /api/faqs? 200 4.535 ms - -","timestamp":"2025-03-25 15:37:35"}
{"level":"info","message":"OPTIONS /api/faqs/reorder 204 0.443 ms - 0","timestamp":"2025-03-25 15:37:37"}
{"level":"info","message":"POST /api/faqs/reorder 200 193.246 ms - -","timestamp":"2025-03-25 15:37:38"}
{"level":"info","message":"GET /api/faqs? 200 4.864 ms - -","timestamp":"2025-03-25 15:37:38"}
{"level":"info","message":"OPTIONS /api/faqs/reorder 204 0.469 ms - 0","timestamp":"2025-03-25 15:38:11"}
{"level":"info","message":"POST /api/faqs/reorder 200 25.106 ms - -","timestamp":"2025-03-25 15:38:11"}
{"level":"info","message":"GET /api/faqs? 200 5.498 ms - -","timestamp":"2025-03-25 15:38:11"}
{"level":"info","message":"POST /api/faqs/reorder 200 18.341 ms - -","timestamp":"2025-03-25 15:38:12"}
{"level":"info","message":"GET /api/faqs? 200 6.232 ms - -","timestamp":"2025-03-25 15:38:12"}
{"level":"info","message":"POST /api/faqs/reorder 200 17.838 ms - -","timestamp":"2025-03-25 15:38:14"}
{"level":"info","message":"GET /api/faqs? 200 4.000 ms - -","timestamp":"2025-03-25 15:38:14"}
{"level":"info","message":"OPTIONS /api/faqs/reorder 204 0.499 ms - 0","timestamp":"2025-03-25 15:38:17"}
{"level":"info","message":"POST /api/faqs/reorder 200 17.925 ms - -","timestamp":"2025-03-25 15:38:17"}
{"level":"info","message":"GET /api/faqs? 200 7.231 ms - -","timestamp":"2025-03-25 15:38:17"}
{"level":"info","message":"GET /api/faqs? 304 151.825 ms - -","timestamp":"2025-03-25 16:04:14"}
{"level":"info","message":"OPTIONS /api/faqs/reorder 204 4.566 ms - 0","timestamp":"2025-03-25 16:04:22"}
{"level":"info","message":"POST /api/faqs/reorder 200 82.600 ms - -","timestamp":"2025-03-25 16:04:23"}
{"level":"info","message":"GET /api/faqs? 200 7.683 ms - -","timestamp":"2025-03-25 16:04:23"}
{"level":"info","message":"OPTIONS /api/faqs/reorder 204 2.081 ms - 0","timestamp":"2025-03-25 16:04:31"}
{"level":"info","message":"POST /api/faqs/reorder 200 37.283 ms - -","timestamp":"2025-03-25 16:04:31"}
{"level":"info","message":"GET /api/faqs? 200 9.639 ms - -","timestamp":"2025-03-25 16:04:31"}
{"level":"info","message":"POST /api/faqs/reorder 200 19.010 ms - -","timestamp":"2025-03-25 16:04:33"}
{"level":"info","message":"GET /api/faqs? 200 6.608 ms - -","timestamp":"2025-03-25 16:04:34"}
{"level":"info","message":"OPTIONS /api/faqs/reorder 204 0.461 ms - 0","timestamp":"2025-03-25 16:04:47"}
{"level":"info","message":"POST /api/faqs/reorder 200 23.391 ms - -","timestamp":"2025-03-25 16:04:47"}
{"level":"info","message":"GET /api/faqs? 200 4.672 ms - -","timestamp":"2025-03-25 16:04:47"}
{"level":"info","message":"POST /api/faqs/reorder 200 19.877 ms - -","timestamp":"2025-03-25 16:04:50"}
{"level":"info","message":"GET /api/faqs? 200 7.164 ms - -","timestamp":"2025-03-25 16:04:50"}
{"level":"info","message":"OPTIONS /api/faqs/reorder 204 0.665 ms - 0","timestamp":"2025-03-25 16:04:59"}
{"level":"info","message":"POST /api/faqs/reorder 200 38.968 ms - -","timestamp":"2025-03-25 16:04:59"}
{"level":"info","message":"GET /api/faqs? 200 14.377 ms - -","timestamp":"2025-03-25 16:04:59"}
{"level":"info","message":"OPTIONS /api/faqs/67dbb1d45c94313e4cd7dc41 204 0.372 ms - 0","timestamp":"2025-03-25 16:05:05"}
{"level":"info","message":"PUT /api/faqs/67dbb1d45c94313e4cd7dc41 200 42.162 ms - 388","timestamp":"2025-03-25 16:05:05"}
{"level":"info","message":"GET /api/faqs? 200 10.378 ms - -","timestamp":"2025-03-25 16:05:05"}
{"level":"info","message":"GET /api/faqs? 304 11.893 ms - -","timestamp":"2025-03-25 16:07:57"}
{"level":"info","message":"GET /api/faqs? 304 4.382 ms - -","timestamp":"2025-03-25 16:09:33"}
{"level":"info","message":"OPTIONS /api/faqs/reorder 204 1.803 ms - 0","timestamp":"2025-03-25 16:11:03"}
{"level":"info","message":"POST /api/faqs/reorder 200 79.886 ms - -","timestamp":"2025-03-25 16:11:03"}
{"level":"info","message":"GET /api/faqs? 200 13.082 ms - -","timestamp":"2025-03-25 16:11:03"}
{"level":"info","message":"POST /api/faqs/reorder 200 337.182 ms - -","timestamp":"2025-03-25 16:11:06"}
{"level":"info","message":"GET /api/faqs? 200 5.268 ms - -","timestamp":"2025-03-25 16:11:06"}
{"level":"info","message":"OPTIONS /api/faqs/reorder 204 1.468 ms - 0","timestamp":"2025-03-25 16:11:09"}
{"level":"info","message":"POST /api/faqs/reorder 200 19.029 ms - -","timestamp":"2025-03-25 16:11:09"}
{"level":"info","message":"GET /api/faqs? 200 9.538 ms - -","timestamp":"2025-03-25 16:11:09"}
{"level":"info","message":"POST /api/faqs/reorder 200 21.888 ms - -","timestamp":"2025-03-25 16:11:12"}
{"level":"info","message":"GET /api/faqs? 200 7.291 ms - -","timestamp":"2025-03-25 16:11:12"}
{"level":"info","message":"GET /api/faqs?category=payments 200 16.611 ms - 64","timestamp":"2025-03-25 16:11:23"}
{"level":"info","message":"GET /api/faqs? 304 164.169 ms - -","timestamp":"2025-03-25 18:19:10"}
{"level":"info","message":"GET /api/faqs? 304 14.913 ms - -","timestamp":"2025-03-25 18:20:18"}
{"level":"info","message":"GET /api/faqs? 304 6.031 ms - -","timestamp":"2025-03-25 18:27:27"}
{"level":"info","message":"GET /api/faqs? 304 13.085 ms - -","timestamp":"2025-03-25 18:32:34"}
{"level":"info","message":"GET /api/faqs?isActive=true 200 17.990 ms - 451","timestamp":"2025-03-25 18:33:16"}
{"level":"info","message":"GET /api/faqs?category=shipping&isActive=true 200 8.415 ms - 64","timestamp":"2025-03-25 18:33:20"}
{"level":"info","message":"GET /api/faqs?isActive=false 200 3.531 ms - 753","timestamp":"2025-03-25 18:34:09"}
{"level":"info","message":"GET /api/faqs? 304 4.671 ms - -","timestamp":"2025-03-25 18:37:09"}
{"level":"info","message":"GET /api/faqs? 304 10.803 ms - -","timestamp":"2025-03-25 18:46:46"}
{"level":"info","message":"GET /api/faqs? 304 4.095 ms - -","timestamp":"2025-03-25 18:47:41"}
{"level":"info","message":"GET /api/faqs? 304 5.325 ms - -","timestamp":"2025-03-25 18:49:18"}
{"level":"info","message":"GET /api/faqs? 304 4.411 ms - -","timestamp":"2025-03-25 18:49:21"}
{"level":"info","message":"GET /api/faqs? 304 8.823 ms - -","timestamp":"2025-03-25 19:08:29"}
{"level":"info","message":"GET /api/faqs? 304 6.524 ms - -","timestamp":"2025-03-25 19:10:21"}
{"level":"info","message":"GET /api/faqs? 304 7.817 ms - -","timestamp":"2025-03-25 19:10:29"}
{"level":"info","message":"GET /api/faqs? 304 9.394 ms - -","timestamp":"2025-03-25 19:12:23"}
{"level":"info","message":"GET /api/faqs? 304 6.182 ms - -","timestamp":"2025-03-25 19:13:30"}
{"level":"info","message":"GET /api/faqs? 304 3.964 ms - -","timestamp":"2025-03-25 19:13:38"}
{"level":"info","message":"GET /api/faqs? 304 5.167 ms - -","timestamp":"2025-03-25 19:14:28"}
{"level":"info","message":"GET /api/faqs? 304 67.419 ms - -","timestamp":"2025-03-25 19:21:31"}
{"level":"info","message":"GET /api/faqs? 304 4.663 ms - -","timestamp":"2025-03-25 19:21:32"}
{"level":"info","message":"GET /api/faqs? 304 8.931 ms - -","timestamp":"2025-03-25 19:44:28"}
{"level":"info","message":"GET /api/faqs? 304 5.485 ms - -","timestamp":"2025-03-25 19:45:13"}
{"level":"info","message":"GET /api/faqs? 304 143.350 ms - -","timestamp":"2025-03-25 21:39:39"}
{"level":"info","message":"GET /api/faqs? 304 7.171 ms - -","timestamp":"2025-03-25 21:46:26"}
{"level":"info","message":"OPTIONS /api/faqs/reorder 204 4.917 ms - 0","timestamp":"2025-03-25 21:48:17"}
{"level":"info","message":"POST /api/faqs/reorder 200 91.192 ms - -","timestamp":"2025-03-25 21:48:17"}
{"level":"info","message":"GET /api/faqs? 200 6.528 ms - -","timestamp":"2025-03-25 21:48:17"}
{"level":"info","message":"POST /api/faqs/reorder 200 31.649 ms - -","timestamp":"2025-03-25 21:48:20"}
{"level":"info","message":"GET /api/faqs? 200 11.183 ms - -","timestamp":"2025-03-25 21:48:20"}
{"level":"info","message":"OPTIONS /api/faqs/reorder 204 0.443 ms - 0","timestamp":"2025-03-25 21:48:22"}
{"level":"info","message":"POST /api/faqs/reorder 200 27.470 ms - -","timestamp":"2025-03-25 21:48:22"}
{"level":"info","message":"GET /api/faqs? 200 4.797 ms - -","timestamp":"2025-03-25 21:48:22"}
{"level":"info","message":"OPTIONS /api/faqs/reorder 204 0.831 ms - 0","timestamp":"2025-03-25 21:52:03"}
{"level":"info","message":"POST /api/faqs/reorder 200 29.050 ms - -","timestamp":"2025-03-25 21:52:03"}
{"level":"info","message":"GET /api/faqs? 200 7.474 ms - -","timestamp":"2025-03-25 21:52:03"}
{"level":"info","message":"OPTIONS /api/faqs/67e0d36e3a43d617fff17b22 204 1.465 ms - 0","timestamp":"2025-03-25 21:52:08"}
{"level":"info","message":"DELETE /api/faqs/67e0d36e3a43d617fff17b22 200 84.766 ms - 253","timestamp":"2025-03-25 21:52:08"}
{"level":"info","message":"GET /api/faqs? 200 7.216 ms - 948","timestamp":"2025-03-25 21:52:08"}
{"level":"info","message":"OPTIONS /api/faqs/67e056e33ffa9102072fe612 204 0.539 ms - 0","timestamp":"2025-03-25 21:52:12"}
{"level":"info","message":"DELETE /api/faqs/67e056e33ffa9102072fe612 200 4.381 ms - 255","timestamp":"2025-03-25 21:52:12"}
{"level":"info","message":"GET /api/faqs? 200 4.892 ms - 753","timestamp":"2025-03-25 21:52:12"}
{"level":"info","message":"GET /api/faqs? 304 177.329 ms - -","timestamp":"2025-03-25 22:08:35"}
{"level":"info","message":"OPTIONS /api/faqs/reorder 204 2.218 ms - 0","timestamp":"2025-03-25 22:08:39"}
{"level":"info","message":"POST /api/faqs/reorder 200 60.836 ms - 755","timestamp":"2025-03-25 22:08:39"}
{"level":"info","message":"GET /api/faqs? 200 3.985 ms - 753","timestamp":"2025-03-25 22:08:39"}
{"level":"info","message":"POST /api/faqs/reorder 200 26.702 ms - 755","timestamp":"2025-03-25 22:08:42"}
{"level":"info","message":"GET /api/faqs? 200 5.138 ms - 753","timestamp":"2025-03-25 22:08:42"}
{"level":"info","message":"OPTIONS /api/faqs/reorder 204 0.191 ms - 0","timestamp":"2025-03-25 22:08:45"}
{"level":"info","message":"POST /api/faqs/reorder 200 17.898 ms - 755","timestamp":"2025-03-25 22:08:45"}
{"level":"info","message":"GET /api/faqs? 200 7.525 ms - 753","timestamp":"2025-03-25 22:08:45"}
{"level":"info","message":"GET /api/faqs? 304 4.055 ms - -","timestamp":"2025-03-25 22:08:55"}
{"level":"info","message":"OPTIONS /api/faqs/reorder 204 0.295 ms - 0","timestamp":"2025-03-25 22:09:03"}
{"level":"info","message":"POST /api/faqs/reorder 200 23.123 ms - 755","timestamp":"2025-03-25 22:09:03"}
{"level":"info","message":"GET /api/faqs? 200 4.150 ms - 753","timestamp":"2025-03-25 22:09:03"}
{"level":"info","message":"OPTIONS /api/faqs 204 0.225 ms - 0","timestamp":"2025-03-25 22:10:15"}
{"level":"info","message":"POST /api/faqs 201 395.855 ms - 283","timestamp":"2025-03-25 22:10:16"}
{"level":"info","message":"GET /api/faqs? 200 9.209 ms - 965","timestamp":"2025-03-25 22:10:16"}
{"level":"info","message":"OPTIONS /api/faqs/reorder 204 0.886 ms - 0","timestamp":"2025-03-25 22:10:25"}
{"level":"info","message":"POST /api/faqs/reorder 200 18.832 ms - 967","timestamp":"2025-03-25 22:10:25"}
{"level":"info","message":"GET /api/faqs? 200 5.319 ms - 965","timestamp":"2025-03-25 22:10:25"}
{"level":"info","message":"POST /api/faqs/reorder 200 67.906 ms - 967","timestamp":"2025-03-25 22:10:29"}
{"level":"info","message":"GET /api/faqs? 200 4.866 ms - 965","timestamp":"2025-03-25 22:10:29"}
{"level":"info","message":"GET /api/faqs? 304 80.572 ms - -","timestamp":"2025-03-25 22:18:12"}
{"level":"info","message":"OPTIONS /api/faqs/reorder 204 1.802 ms - 0","timestamp":"2025-03-25 22:18:14"}
{"level":"info","message":"POST /api/faqs/reorder 200 53.598 ms - 967","timestamp":"2025-03-25 22:18:14"}
{"level":"info","message":"GET /api/faqs? 200 5.644 ms - 965","timestamp":"2025-03-25 22:18:14"}
{"level":"info","message":"POST /api/faqs/reorder 200 26.754 ms - 967","timestamp":"2025-03-25 22:18:16"}
{"level":"info","message":"GET /api/faqs? 200 4.313 ms - 965","timestamp":"2025-03-25 22:18:16"}
{"level":"info","message":"POST /api/faqs/reorder 200 15.526 ms - 967","timestamp":"2025-03-25 22:18:18"}
{"level":"info","message":"GET /api/faqs? 200 2.987 ms - 965","timestamp":"2025-03-25 22:18:18"}
{"level":"info","message":"GET /api/faqs?category=payments 200 3.245 ms - 64","timestamp":"2025-03-25 22:18:32"}
{"level":"info","message":"GET /api/faqs?category=returns 200 3.792 ms - 391","timestamp":"2025-03-25 22:18:35"}
{"level":"info","message":"GET /api/faqs? 304 4.250 ms - -","timestamp":"2025-03-25 22:19:53"}
{"level":"info","message":"OPTIONS /api/faqs/reorder 204 1.324 ms - 0","timestamp":"2025-03-25 22:19:58"}
{"level":"info","message":"POST /api/faqs/reorder 200 33.270 ms - 967","timestamp":"2025-03-25 22:19:58"}
{"level":"info","message":"GET /api/faqs? 200 4.764 ms - 965","timestamp":"2025-03-25 22:19:58"}
{"level":"info","message":"POST /api/faqs/reorder 200 18.270 ms - 967","timestamp":"2025-03-25 22:20:01"}
{"level":"info","message":"GET /api/faqs? 200 4.444 ms - 965","timestamp":"2025-03-25 22:20:01"}
{"level":"info","message":"OPTIONS /api/faqs/reorder 204 0.343 ms - 0","timestamp":"2025-03-25 22:20:18"}
{"level":"info","message":"POST /api/faqs/reorder 200 22.026 ms - 967","timestamp":"2025-03-25 22:20:18"}
{"level":"info","message":"GET /api/faqs? 200 6.759 ms - 965","timestamp":"2025-03-25 22:20:18"}
{"level":"info","message":"GET /api/faqs? 304 109.002 ms - -","timestamp":"2025-03-25 22:34:59"}
{"level":"info","message":"GET /api/faqs? 304 176.893 ms - -","timestamp":"2025-03-26 09:48:10"}
{"level":"info","message":"OPTIONS /api/faqs/reorder 204 21.347 ms - 0","timestamp":"2025-03-26 09:49:01"}
{"level":"info","message":"POST /api/faqs/reorder 200 200.457 ms - 967","timestamp":"2025-03-26 09:49:01"}
{"level":"info","message":"GET /api/faqs? 200 4.740 ms - 965","timestamp":"2025-03-26 09:49:01"}
{"level":"info","message":"OPTIONS /api/faqs/67dbb1c85c94313e4cd7dc3d 204 10.484 ms - 0","timestamp":"2025-03-26 10:01:18"}
{"level":"info","message":"PUT /api/faqs/67dbb1c85c94313e4cd7dc3d 200 106.523 ms - 420","timestamp":"2025-03-26 10:01:18"}
{"level":"info","message":"GET /api/faqs? 200 14.862 ms - 963","timestamp":"2025-03-26 10:01:18"}
{"level":"info","message":"OPTIONS /api/faqs/67dbb1d45c94313e4cd7dc41 204 0.349 ms - 0","timestamp":"2025-03-26 10:01:25"}
{"level":"info","message":"PUT /api/faqs/67dbb1d45c94313e4cd7dc41 200 8.711 ms - 387","timestamp":"2025-03-26 10:01:25"}
{"level":"info","message":"GET /api/faqs? 200 5.000 ms - 962","timestamp":"2025-03-26 10:01:25"}
{"level":"info","message":"GET /api/faqs?isActive=false 200 9.701 ms - 64","timestamp":"2025-03-26 10:01:31"}
{"level":"info","message":"OPTIONS /api/faqs/reorder 204 19.598 ms - 0","timestamp":"2025-03-26 10:23:27"}
{"level":"info","message":"POST /api/faqs/reorder 200 115.362 ms - 964","timestamp":"2025-03-26 10:23:27"}
{"level":"info","message":"GET /api/faqs? 200 6.745 ms - 962","timestamp":"2025-03-26 10:23:27"}
{"level":"info","message":"POST /api/faqs/reorder 200 26.766 ms - 964","timestamp":"2025-03-26 10:23:32"}
{"level":"info","message":"GET /api/faqs? 200 7.002 ms - 962","timestamp":"2025-03-26 10:23:32"}
{"level":"info","message":"OPTIONS /api/faqs/reorder 204 0.367 ms - 0","timestamp":"2025-03-26 10:23:35"}
{"level":"info","message":"POST /api/faqs/reorder 200 31.764 ms - 964","timestamp":"2025-03-26 10:23:35"}
{"level":"info","message":"GET /api/faqs? 200 4.650 ms - 962","timestamp":"2025-03-26 10:23:35"}
