[2025-03-16 19:25:43] ERROR: Error [ERR_HTTP_HEADERS_SENT]: Cannot set headers after they are sent to the client
    at ServerResponse.setHeader (node:_http_outgoing:699:11)
    at ServerResponse.header (C:\Users\Mahbubur Rahman\Desktop\e-commerce\backend\server\node_modules\express\lib\response.js:794:10)
    at ServerResponse.send (C:\Users\Mahbubur Rahman\Desktop\e-commerce\backend\server\node_modules\express\lib\response.js:174:12)
    at ServerResponse.json (C:\Users\Mahbubur Rahman\Desktop\e-commerce\backend\server\node_modules\express\lib\response.js:278:15)
    at errorResponse (C:\Users\Mahbubur Rahman\Desktop\e-commerce\backend\server\src\helpers\responseHandler.js:5:28)
    at createBrand (C:\Users\Mahbubur Rahman\Desktop\e-commerce\backend\server\src\controllers\brandController.js:60:16)
    at process.processTicksAndRejections (node:internal/process/task_queues:105:5)
[2025-03-16 19:26:18] ERROR: Error [ERR_HTTP_HEADERS_SENT]: Cannot set headers after they are sent to the client
    at ServerResponse.setHeader (node:_http_outgoing:699:11)
    at ServerResponse.header (C:\Users\Mahbubur Rahman\Desktop\e-commerce\backend\server\node_modules\express\lib\response.js:794:10)
    at ServerResponse.send (C:\Users\Mahbubur Rahman\Desktop\e-commerce\backend\server\node_modules\express\lib\response.js:174:12)
    at ServerResponse.json (C:\Users\Mahbubur Rahman\Desktop\e-commerce\backend\server\node_modules\express\lib\response.js:278:15)
    at errorResponse (C:\Users\Mahbubur Rahman\Desktop\e-commerce\backend\server\src\helpers\responseHandler.js:5:28)
    at createBrand (C:\Users\Mahbubur Rahman\Desktop\e-commerce\backend\server\src\controllers\brandController.js:60:16)
    at process.processTicksAndRejections (node:internal/process/task_queues:105:5)
[2025-03-16 19:27:18] ERROR: Error [ERR_HTTP_HEADERS_SENT]: Cannot set headers after they are sent to the client
    at ServerResponse.setHeader (node:_http_outgoing:699:11)
    at ServerResponse.header (C:\Users\Mahbubur Rahman\Desktop\e-commerce\backend\server\node_modules\express\lib\response.js:794:10)
    at ServerResponse.send (C:\Users\Mahbubur Rahman\Desktop\e-commerce\backend\server\node_modules\express\lib\response.js:174:12)
    at ServerResponse.json (C:\Users\Mahbubur Rahman\Desktop\e-commerce\backend\server\node_modules\express\lib\response.js:278:15)
    at errorResponse (C:\Users\Mahbubur Rahman\Desktop\e-commerce\backend\server\src\helpers\responseHandler.js:5:28)
    at createBrand (C:\Users\Mahbubur Rahman\Desktop\e-commerce\backend\server\src\controllers\brandController.js:60:16)
    at process.processTicksAndRejections (node:internal/process/task_queues:105:5)
